Traced on 2022-05-25 18:08:41
FileAccessForInclusion - 
C:\xampp\htdocs\beml\include\utils\CommonUtils.php::checkFileAccessForInclusion::388<br>
C:\xampp\htdocs\beml\modules\Users\CreateUserPrivilegeFile.php::checkFileAccessForInclusion::114<br>
C:\xampp\htdocs\beml\modules\Users\Users.php::createUserSharingPrivilegesfile::1126<br>
C:\xampp\htdocs\beml\modules\Users\models\Module.php::save::260<br>
C:\xampp\htdocs\beml\modules\Vtiger\models\Record.php::saveRecord::259<br>
C:\xampp\htdocs\beml\modules\Users\models\Record.php::save::155<br>
C:\xampp\htdocs\beml\modules\Vtiger\actions\Save.php::save::117<br>
C:\xampp\htdocs\beml\modules\Users\actions\Save.php::saveRecord::126<br>
C:\xampp\htdocs\beml\includes\main\WebUI.php::process::216<br>
C:\xampp\htdocs\beml\index.php::process::22<br>
Traced on 2022-05-25 18:21:32
FileAccessForInclusion - 
C:\xampp\htdocs\beml\include\utils\CommonUtils.php::checkFileAccessForInclusion::388<br>
C:\xampp\htdocs\beml\data\CRMEntity.php::checkFileAccessForInclusion::56<br>
C:\xampp\htdocs\beml\include\Webservices\Utils.php::getInstance::214<br>
C:\xampp\htdocs\beml\include\Webservices\VtigerCRMObjectMeta.php::vtws_getModuleInstance::42<br>
C:\xampp\htdocs\beml\include\Webservices\VtigerModuleOperation.php::__construct::31<br>
C:\xampp\htdocs\beml\include\Webservices\VtigerModuleOperation.php::getMetaInstance::19<br>
C:\xampp\htdocs\beml\include\Webservices\Utils.php::__construct::462<br>
C:\xampp\htdocs\beml\include\QueryGenerator\QueryGenerator.php::vtws_getModuleHandlerFromName::96<br>
C:\xampp\htdocs\beml\include\QueryGenerator\EnhancedQueryGenerator.php::getMeta::46<br>
C:\xampp\htdocs\beml\include\QueryGenerator\EnhancedQueryGenerator.php::getModuleFields::20<br>
C:\xampp\htdocs\beml\modules\Vtiger\models\ListView.php::__construct::376<br>
C:\xampp\htdocs\beml\modules\Vtiger\views\List.php::getInstance::56<br>
C:\xampp\htdocs\beml\includes\main\WebUI.php::preProcess::77<br>
C:\xampp\htdocs\beml\includes\main\WebUI.php::triggerPreProcess::215<br>
C:\xampp\htdocs\beml\index.php::process::22<br>
Traced on 2022-05-25 18:21:45
FileAccessForInclusion - 
C:\xampp\htdocs\beml\include\utils\CommonUtils.php::checkFileAccessForInclusion::388<br>
C:\xampp\htdocs\beml\data\CRMEntity.php::checkFileAccessForInclusion::56<br>
C:\xampp\htdocs\beml\include\Webservices\Utils.php::getInstance::214<br>
C:\xampp\htdocs\beml\include\Webservices\VtigerCRMObjectMeta.php::vtws_getModuleInstance::42<br>
C:\xampp\htdocs\beml\include\Webservices\VtigerModuleOperation.php::__construct::31<br>
C:\xampp\htdocs\beml\include\Webservices\VtigerModuleOperation.php::getMetaInstance::19<br>
C:\xampp\htdocs\beml\include\Webservices\Utils.php::__construct::462<br>
C:\xampp\htdocs\beml\include\QueryGenerator\QueryGenerator.php::vtws_getModuleHandlerFromName::96<br>
C:\xampp\htdocs\beml\include\QueryGenerator\EnhancedQueryGenerator.php::getMeta::46<br>
C:\xampp\htdocs\beml\include\QueryGenerator\EnhancedQueryGenerator.php::getModuleFields::20<br>
C:\xampp\htdocs\beml\modules\Vtiger\models\ListView.php::__construct::376<br>
C:\xampp\htdocs\beml\modules\Vtiger\views\List.php::getInstance::56<br>
C:\xampp\htdocs\beml\includes\main\WebUI.php::preProcess::77<br>
C:\xampp\htdocs\beml\includes\main\WebUI.php::triggerPreProcess::215<br>
C:\xampp\htdocs\beml\index.php::process::22<br>
Traced on 2022-05-25 18:22:10
FileAccessForInclusion - 
C:\xampp\htdocs\beml\include\utils\CommonUtils.php::checkFileAccessForInclusion::388<br>
C:\xampp\htdocs\beml\data\CRMEntity.php::checkFileAccessForInclusion::56<br>
C:\xampp\htdocs\beml\include\Webservices\Utils.php::getInstance::214<br>
C:\xampp\htdocs\beml\include\Webservices\VtigerCRMObjectMeta.php::vtws_getModuleInstance::42<br>
C:\xampp\htdocs\beml\include\Webservices\VtigerModuleOperation.php::__construct::31<br>
C:\xampp\htdocs\beml\include\Webservices\VtigerModuleOperation.php::getMetaInstance::19<br>
C:\xampp\htdocs\beml\include\Webservices\Utils.php::__construct::462<br>
C:\xampp\htdocs\beml\include\QueryGenerator\QueryGenerator.php::vtws_getModuleHandlerFromName::96<br>
C:\xampp\htdocs\beml\include\QueryGenerator\EnhancedQueryGenerator.php::getMeta::46<br>
C:\xampp\htdocs\beml\include\QueryGenerator\EnhancedQueryGenerator.php::getModuleFields::20<br>
C:\xampp\htdocs\beml\modules\Vtiger\models\ListView.php::__construct::376<br>
C:\xampp\htdocs\beml\modules\Vtiger\views\List.php::getInstance::56<br>
C:\xampp\htdocs\beml\includes\main\WebUI.php::preProcess::77<br>
C:\xampp\htdocs\beml\includes\main\WebUI.php::triggerPreProcess::215<br>
C:\xampp\htdocs\beml\index.php::process::22<br>
Traced on 2022-05-25 18:22:33
FileAccessForInclusion - 
C:\xampp\htdocs\beml\include\utils\CommonUtils.php::checkFileAccessForInclusion::388<br>
C:\xampp\htdocs\beml\data\CRMEntity.php::checkFileAccessForInclusion::56<br>
C:\xampp\htdocs\beml\include\Webservices\Utils.php::getInstance::214<br>
C:\xampp\htdocs\beml\include\Webservices\VtigerCRMObjectMeta.php::vtws_getModuleInstance::42<br>
C:\xampp\htdocs\beml\include\Webservices\VtigerModuleOperation.php::__construct::31<br>
C:\xampp\htdocs\beml\include\Webservices\VtigerModuleOperation.php::getMetaInstance::19<br>
C:\xampp\htdocs\beml\include\Webservices\Utils.php::__construct::462<br>
C:\xampp\htdocs\beml\include\QueryGenerator\QueryGenerator.php::vtws_getModuleHandlerFromName::96<br>
C:\xampp\htdocs\beml\include\QueryGenerator\EnhancedQueryGenerator.php::getMeta::46<br>
C:\xampp\htdocs\beml\include\QueryGenerator\EnhancedQueryGenerator.php::getModuleFields::20<br>
C:\xampp\htdocs\beml\modules\Vtiger\models\ListView.php::__construct::376<br>
C:\xampp\htdocs\beml\modules\Vtiger\views\List.php::getInstance::56<br>
C:\xampp\htdocs\beml\includes\main\WebUI.php::preProcess::77<br>
C:\xampp\htdocs\beml\includes\main\WebUI.php::triggerPreProcess::215<br>
C:\xampp\htdocs\beml\index.php::process::22<br>
Traced on 2022-05-25 18:24:30
FileAccessForInclusion - 
C:\xampp\htdocs\beml\include\utils\CommonUtils.php::checkFileAccessForInclusion::388<br>
C:\xampp\htdocs\beml\vtlib\Vtiger\AccessControl.php::checkFileAccessForInclusion::25<br>
C:\xampp\htdocs\beml\vtlib\Vtiger\AccessControl.php::loadUserPrivilegesWithId::44<br>
C:\xampp\htdocs\beml\modules\Users\Users.php::loadUserPrivileges::646<br>
C:\xampp\htdocs\beml\modules\Users\models\Record.php::retrieveCurrentUserInfoFromFile::818<br>
C:\xampp\htdocs\beml\modules\Users\models\Privileges.php::getInstanceFromPreferenceFile::188<br>
C:\xampp\htdocs\beml\test\templates_c\v7\9767dc3102998e6e6f4bc95533c6c9cede9e5462.file.ListViewRecordActions.tpl.php::isPermittedToChangeUsername::33<br>
C:\xampp\htdocs\beml\libraries\Smarty\libs\sysplugins\smarty_internal_templatebase.php::content_6280a5bd87d8a::180<br>
C:\xampp\htdocs\beml\libraries\Smarty\libs\sysplugins\smarty_internal_template.php::fetch::285<br>
C:\xampp\htdocs\beml\test\templates_c\v7\1aed77e389a3c9b8044c5dfa20f3a9a1db31b52a.file.ListViewContents.tpl.php::getSubTemplate::106<br>
C:\xampp\htdocs\beml\libraries\Smarty\libs\sysplugins\smarty_internal_templatebase.php::content_6280a5bc8e9dd::180<br>
C:\xampp\htdocs\beml\libraries\Smarty\libs\sysplugins\smarty_internal_templatebase.php::fetch::374<br>
C:\xampp\htdocs\beml\includes\runtime\Viewer.php::display::188<br>
C:\xampp\htdocs\beml\modules\Users\views\List.php::view::31<br>
C:\xampp\htdocs\beml\includes\main\WebUI.php::process::216<br>
C:\xampp\htdocs\beml\index.php::process::22<br>
Traced on 2022-05-25 18:25:05
FileAccessForInclusion - 
C:\xampp\htdocs\beml\include\utils\CommonUtils.php::checkFileAccessForInclusion::388<br>
C:\xampp\htdocs\beml\modules\Users\CreateUserPrivilegeFile.php::checkFileAccessForInclusion::114<br>
C:\xampp\htdocs\beml\modules\Users\Users.php::createUserSharingPrivilegesfile::1126<br>
C:\xampp\htdocs\beml\modules\Users\models\Module.php::save::260<br>
C:\xampp\htdocs\beml\modules\Vtiger\models\Record.php::saveRecord::259<br>
C:\xampp\htdocs\beml\modules\Users\models\Record.php::save::155<br>
C:\xampp\htdocs\beml\modules\Vtiger\actions\Save.php::save::117<br>
C:\xampp\htdocs\beml\modules\Users\actions\Save.php::saveRecord::126<br>
C:\xampp\htdocs\beml\includes\main\WebUI.php::process::216<br>
C:\xampp\htdocs\beml\index.php::process::22<br>
Traced on 2022-05-25 18:27:07
FileAccessForInclusion - 
C:\xampp\htdocs\beml\include\utils\CommonUtils.php::checkFileAccessForInclusion::388<br>
C:\xampp\htdocs\beml\modules\Users\CreateUserPrivilegeFile.php::checkFileAccessForInclusion::114<br>
C:\xampp\htdocs\beml\modules\Users\Users.php::createUserSharingPrivilegesfile::1126<br>
C:\xampp\htdocs\beml\modules\Users\models\Module.php::save::260<br>
C:\xampp\htdocs\beml\modules\Vtiger\models\Record.php::saveRecord::259<br>
C:\xampp\htdocs\beml\modules\Users\models\Record.php::save::155<br>
C:\xampp\htdocs\beml\modules\Vtiger\actions\Save.php::save::117<br>
C:\xampp\htdocs\beml\modules\Users\actions\Save.php::saveRecord::126<br>
C:\xampp\htdocs\beml\includes\main\WebUI.php::process::216<br>
C:\xampp\htdocs\beml\index.php::process::22<br>
Traced on 2022-05-25 18:29:16
FileAccessForInclusion - 
C:\xampp\htdocs\beml\include\utils\CommonUtils.php::checkFileAccessForInclusion::388<br>
C:\xampp\htdocs\beml\modules\Users\CreateUserPrivilegeFile.php::checkFileAccessForInclusion::114<br>
C:\xampp\htdocs\beml\modules\Users\Users.php::createUserSharingPrivilegesfile::1126<br>
C:\xampp\htdocs\beml\modules\Users\models\Module.php::save::260<br>
C:\xampp\htdocs\beml\modules\Vtiger\models\Record.php::saveRecord::259<br>
C:\xampp\htdocs\beml\modules\Users\models\Record.php::save::155<br>
C:\xampp\htdocs\beml\modules\Vtiger\actions\Save.php::save::117<br>
C:\xampp\htdocs\beml\modules\Users\actions\Save.php::saveRecord::126<br>
C:\xampp\htdocs\beml\includes\main\WebUI.php::process::216<br>
C:\xampp\htdocs\beml\index.php::process::22<br>
Traced on 2022-05-25 18:30:53
FileAccessForInclusion - 
C:\xampp\htdocs\beml\include\utils\CommonUtils.php::checkFileAccessForInclusion::388<br>
C:\xampp\htdocs\beml\includes\Loader.php::checkFileAccessForInclusion::65<br>
C:\xampp\htdocs\beml\includes\Loader.php::includeOnce::191<br>
C:\xampp\htdocs\beml\includes\main\WebUI.php::vimport::15<br>
C:\xampp\htdocs\beml\index.php::include_once::19<br>
Traced on 2022-05-26 05:03:56
FileAccessForInclusion - 
C:\xampp\htdocs\beml\include\utils\CommonUtils.php::checkFileAccessForInclusion::388<br>
C:\xampp\htdocs\beml\vtlib\Vtiger\AccessControl.php::checkFileAccessForInclusion::25<br>
C:\xampp\htdocs\beml\vtlib\Vtiger\AccessControl.php::loadUserPrivilegesWithId::44<br>
C:\xampp\htdocs\beml\modules\Users\Users.php::loadUserPrivileges::646<br>
C:\xampp\htdocs\beml\modules\com_vtiger_workflow\tasks\VTEmailTask.inc::retrieveCurrentUserInfoFromFile::222<br>
C:\xampp\htdocs\beml\modules\com_vtiger_workflow\VTTaskManager.inc::getContents::181<br>
C:\xampp\htdocs\beml\modules\com_vtiger_workflow\VTWorkflowManager.inc::hasContents::433<br>
C:\xampp\htdocs\beml\modules\com_vtiger_workflow\VTEventHandler.inc::performTasks::114<br>
C:\xampp\htdocs\beml\include\events\VTEventTrigger.inc::handleEvent::143<br>
C:\xampp\htdocs\beml\include\events\VTEventsManager.inc::trigger::118<br>
C:\xampp\htdocs\beml\data\CRMEntity.php::triggerEvent::959<br>
C:\xampp\htdocs\beml\modules\CustomerPortal\apis\CustomerSignUp.php::save::42<br>
C:\xampp\htdocs\beml\modules\CustomerPortal\api.php::process::67<br>
C:\xampp\htdocs\beml\modules\CustomerPortal\api.php::process::96<br>
Traced on 2022-05-26 05:04:37
FileAccessForInclusion - 
C:\xampp\htdocs\beml\include\utils\CommonUtils.php::checkFileAccessForInclusion::388<br>
C:\xampp\htdocs\beml\vtlib\Vtiger\AccessControl.php::checkFileAccessForInclusion::25<br>
C:\xampp\htdocs\beml\vtlib\Vtiger\AccessControl.php::loadUserPrivilegesWithId::44<br>
C:\xampp\htdocs\beml\modules\Users\Users.php::loadUserPrivileges::646<br>
C:\xampp\htdocs\beml\modules\com_vtiger_workflow\tasks\VTEmailTask.inc::retrieveCurrentUserInfoFromFile::222<br>
C:\xampp\htdocs\beml\modules\com_vtiger_workflow\VTTaskManager.inc::getContents::181<br>
C:\xampp\htdocs\beml\modules\com_vtiger_workflow\VTWorkflowManager.inc::hasContents::433<br>
C:\xampp\htdocs\beml\modules\com_vtiger_workflow\VTEventHandler.inc::performTasks::114<br>
C:\xampp\htdocs\beml\include\events\VTEventTrigger.inc::handleEvent::143<br>
C:\xampp\htdocs\beml\include\events\VTEventsManager.inc::trigger::118<br>
C:\xampp\htdocs\beml\data\CRMEntity.php::triggerEvent::959<br>
C:\xampp\htdocs\beml\modules\CustomerPortal\apis\CustomerSignUp.php::save::42<br>
C:\xampp\htdocs\beml\modules\CustomerPortal\api.php::process::67<br>
C:\xampp\htdocs\beml\modules\CustomerPortal\api.php::process::96<br>
Traced on 2022-05-26 10:20:46
FileAccessForInclusion - 
C:\xampp\htdocs\beml\include\utils\CommonUtils.php::checkFileAccessForInclusion::388<br>
C:\xampp\htdocs\beml\modules\Users\CreateUserPrivilegeFile.php::checkFileAccessForInclusion::114<br>
C:\xampp\htdocs\beml\modules\Users\Users.php::createUserSharingPrivilegesfile::1126<br>
C:\xampp\htdocs\beml\modules\Users\models\Module.php::save::260<br>
C:\xampp\htdocs\beml\modules\Vtiger\models\Record.php::saveRecord::259<br>
C:\xampp\htdocs\beml\modules\Users\models\Record.php::save::155<br>
C:\xampp\htdocs\beml\modules\Vtiger\actions\Save.php::save::117<br>
C:\xampp\htdocs\beml\modules\Users\actions\Save.php::saveRecord::126<br>
C:\xampp\htdocs\beml\includes\main\WebUI.php::process::216<br>
C:\xampp\htdocs\beml\index.php::process::22<br>
Traced on 2022-05-26 10:24:43
FileAccessForInclusion - 
C:\xampp\htdocs\beml\include\utils\CommonUtils.php::checkFileAccessForInclusion::388<br>
C:\xampp\htdocs\beml\vtlib\Vtiger\AccessControl.php::checkFileAccessForInclusion::25<br>
C:\xampp\htdocs\beml\vtlib\Vtiger\AccessControl.php::loadUserPrivilegesWithId::44<br>
C:\xampp\htdocs\beml\modules\Users\Users.php::loadUserPrivileges::646<br>
C:\xampp\htdocs\beml\modules\Users\models\Record.php::retrieveCurrentUserInfoFromFile::818<br>
C:\xampp\htdocs\beml\modules\Users\models\Privileges.php::getInstanceFromPreferenceFile::188<br>
C:\xampp\htdocs\beml\test\templates_c\v7\9767dc3102998e6e6f4bc95533c6c9cede9e5462.file.ListViewRecordActions.tpl.php::isPermittedToChangeUsername::33<br>
C:\xampp\htdocs\beml\libraries\Smarty\libs\sysplugins\smarty_internal_templatebase.php::content_6280a5bd87d8a::180<br>
C:\xampp\htdocs\beml\libraries\Smarty\libs\sysplugins\smarty_internal_template.php::fetch::285<br>
C:\xampp\htdocs\beml\test\templates_c\v7\1aed77e389a3c9b8044c5dfa20f3a9a1db31b52a.file.ListViewContents.tpl.php::getSubTemplate::106<br>
C:\xampp\htdocs\beml\libraries\Smarty\libs\sysplugins\smarty_internal_templatebase.php::content_6280a5bc8e9dd::180<br>
C:\xampp\htdocs\beml\libraries\Smarty\libs\sysplugins\smarty_internal_templatebase.php::fetch::374<br>
C:\xampp\htdocs\beml\includes\runtime\Viewer.php::display::188<br>
C:\xampp\htdocs\beml\modules\Users\views\List.php::view::31<br>
C:\xampp\htdocs\beml\includes\main\WebUI.php::process::216<br>
C:\xampp\htdocs\beml\index.php::process::22<br>
Traced on 2022-05-26 10:25:47
FileAccessForInclusion - 
C:\xampp\htdocs\beml\include\utils\CommonUtils.php::checkFileAccessForInclusion::388<br>
C:\xampp\htdocs\beml\modules\Users\CreateUserPrivilegeFile.php::checkFileAccessForInclusion::114<br>
C:\xampp\htdocs\beml\modules\Users\Users.php::createUserSharingPrivilegesfile::1126<br>
C:\xampp\htdocs\beml\modules\Users\models\Module.php::save::260<br>
C:\xampp\htdocs\beml\modules\Vtiger\models\Record.php::saveRecord::259<br>
C:\xampp\htdocs\beml\modules\Users\models\Record.php::save::155<br>
C:\xampp\htdocs\beml\modules\Vtiger\actions\Save.php::save::117<br>
C:\xampp\htdocs\beml\modules\Users\actions\Save.php::saveRecord::126<br>
C:\xampp\htdocs\beml\includes\main\WebUI.php::process::216<br>
C:\xampp\htdocs\beml\index.php::process::22<br>
Traced on 2022-05-27 17:14:47
FileAccessForInclusion - 
C:\xampp\htdocs\beml\include\utils\CommonUtils.php::checkFileAccessForInclusion::388<br>
C:\xampp\htdocs\beml\vtlib\Vtiger\AccessControl.php::checkFileAccessForInclusion::25<br>
C:\xampp\htdocs\beml\vtlib\Vtiger\AccessControl.php::loadUserPrivilegesWithId::44<br>
C:\xampp\htdocs\beml\modules\Users\Users.php::loadUserPrivileges::646<br>
C:\xampp\htdocs\beml\modules\Users\models\Record.php::retrieveCurrentUserInfoFromFile::818<br>
C:\xampp\htdocs\beml\modules\Users\models\Privileges.php::getInstanceFromPreferenceFile::188<br>
C:\xampp\htdocs\beml\test\templates_c\v7\9767dc3102998e6e6f4bc95533c6c9cede9e5462.file.ListViewRecordActions.tpl.php::isPermittedToChangeUsername::33<br>
C:\xampp\htdocs\beml\libraries\Smarty\libs\sysplugins\smarty_internal_templatebase.php::content_6280a5bd87d8a::180<br>
C:\xampp\htdocs\beml\libraries\Smarty\libs\sysplugins\smarty_internal_template.php::fetch::285<br>
C:\xampp\htdocs\beml\test\templates_c\v7\1aed77e389a3c9b8044c5dfa20f3a9a1db31b52a.file.ListViewContents.tpl.php::getSubTemplate::106<br>
C:\xampp\htdocs\beml\libraries\Smarty\libs\sysplugins\smarty_internal_templatebase.php::content_6280a5bc8e9dd::180<br>
C:\xampp\htdocs\beml\libraries\Smarty\libs\sysplugins\smarty_internal_templatebase.php::fetch::374<br>
C:\xampp\htdocs\beml\includes\runtime\Viewer.php::display::188<br>
C:\xampp\htdocs\beml\modules\Users\views\List.php::view::31<br>
C:\xampp\htdocs\beml\includes\main\WebUI.php::process::216<br>
C:\xampp\htdocs\beml\index.php::process::22<br>
Traced on 2022-05-27 17:16:33
FileAccessForInclusion - 
C:\xampp\htdocs\beml\include\utils\CommonUtils.php::checkFileAccessForInclusion::388<br>
C:\xampp\htdocs\beml\modules\Users\CreateUserPrivilegeFile.php::checkFileAccessForInclusion::114<br>
C:\xampp\htdocs\beml\modules\Users\Users.php::createUserSharingPrivilegesfile::1126<br>
C:\xampp\htdocs\beml\modules\Users\models\Module.php::save::260<br>
C:\xampp\htdocs\beml\modules\Vtiger\models\Record.php::saveRecord::259<br>
C:\xampp\htdocs\beml\modules\Users\models\Record.php::save::155<br>
C:\xampp\htdocs\beml\modules\Vtiger\actions\Save.php::save::117<br>
C:\xampp\htdocs\beml\modules\Users\actions\Save.php::saveRecord::126<br>
C:\xampp\htdocs\beml\includes\main\WebUI.php::process::216<br>
C:\xampp\htdocs\beml\index.php::process::22<br>
Traced on 2022-05-27 17:19:42
FileAccessForInclusion - 
C:\xampp\htdocs\beml\include\utils\CommonUtils.php::checkFileAccessForInclusion::388<br>
C:\xampp\htdocs\beml\vtlib\Vtiger\AccessControl.php::checkFileAccessForInclusion::25<br>
C:\xampp\htdocs\beml\vtlib\Vtiger\AccessControl.php::loadUserPrivilegesWithId::44<br>
C:\xampp\htdocs\beml\modules\Users\Users.php::loadUserPrivileges::646<br>
C:\xampp\htdocs\beml\modules\Users\models\Record.php::retrieveCurrentUserInfoFromFile::818<br>
C:\xampp\htdocs\beml\modules\Users\models\Privileges.php::getInstanceFromPreferenceFile::188<br>
C:\xampp\htdocs\beml\test\templates_c\v7\9767dc3102998e6e6f4bc95533c6c9cede9e5462.file.ListViewRecordActions.tpl.php::isPermittedToChangeUsername::33<br>
C:\xampp\htdocs\beml\libraries\Smarty\libs\sysplugins\smarty_internal_templatebase.php::content_6280a5bd87d8a::180<br>
C:\xampp\htdocs\beml\libraries\Smarty\libs\sysplugins\smarty_internal_template.php::fetch::285<br>
C:\xampp\htdocs\beml\test\templates_c\v7\1aed77e389a3c9b8044c5dfa20f3a9a1db31b52a.file.ListViewContents.tpl.php::getSubTemplate::106<br>
C:\xampp\htdocs\beml\libraries\Smarty\libs\sysplugins\smarty_internal_templatebase.php::content_6280a5bc8e9dd::180<br>
C:\xampp\htdocs\beml\libraries\Smarty\libs\sysplugins\smarty_internal_templatebase.php::fetch::374<br>
C:\xampp\htdocs\beml\includes\runtime\Viewer.php::display::188<br>
C:\xampp\htdocs\beml\modules\Users\views\List.php::view::31<br>
C:\xampp\htdocs\beml\includes\main\WebUI.php::process::216<br>
C:\xampp\htdocs\beml\index.php::process::22<br>
Traced on 2022-05-28 04:12:30
FileAccessForInclusion - 
C:\xampp\htdocs\beml\include\utils\CommonUtils.php::checkFileAccessForInclusion::388<br>
C:\xampp\htdocs\beml\vtlib\Vtiger\AccessControl.php::checkFileAccessForInclusion::25<br>
C:\xampp\htdocs\beml\vtlib\Vtiger\AccessControl.php::loadUserPrivilegesWithId::44<br>
C:\xampp\htdocs\beml\modules\Users\Users.php::loadUserPrivileges::646<br>
C:\xampp\htdocs\beml\modules\Users\models\Record.php::retrieveCurrentUserInfoFromFile::818<br>
C:\xampp\htdocs\beml\modules\Users\models\Privileges.php::getInstanceFromPreferenceFile::188<br>
C:\xampp\htdocs\beml\test\templates_c\v7\9767dc3102998e6e6f4bc95533c6c9cede9e5462.file.ListViewRecordActions.tpl.php::isPermittedToChangeUsername::33<br>
C:\xampp\htdocs\beml\libraries\Smarty\libs\sysplugins\smarty_internal_templatebase.php::content_6280a5bd87d8a::180<br>
C:\xampp\htdocs\beml\libraries\Smarty\libs\sysplugins\smarty_internal_template.php::fetch::285<br>
C:\xampp\htdocs\beml\test\templates_c\v7\1aed77e389a3c9b8044c5dfa20f3a9a1db31b52a.file.ListViewContents.tpl.php::getSubTemplate::106<br>
C:\xampp\htdocs\beml\libraries\Smarty\libs\sysplugins\smarty_internal_templatebase.php::content_6280a5bc8e9dd::180<br>
C:\xampp\htdocs\beml\libraries\Smarty\libs\sysplugins\smarty_internal_templatebase.php::fetch::374<br>
C:\xampp\htdocs\beml\includes\runtime\Viewer.php::display::188<br>
C:\xampp\htdocs\beml\modules\Users\views\List.php::view::31<br>
C:\xampp\htdocs\beml\includes\main\WebUI.php::process::216<br>
C:\xampp\htdocs\beml\index.php::process::22<br>
Traced on 2022-05-28 04:13:01
FileAccessForInclusion - 
C:\xampp\htdocs\beml\include\utils\CommonUtils.php::checkFileAccessForInclusion::388<br>
C:\xampp\htdocs\beml\modules\Users\CreateUserPrivilegeFile.php::checkFileAccessForInclusion::114<br>
C:\xampp\htdocs\beml\modules\Users\Users.php::createUserSharingPrivilegesfile::1126<br>
C:\xampp\htdocs\beml\modules\Users\models\Module.php::save::260<br>
C:\xampp\htdocs\beml\modules\Vtiger\models\Record.php::saveRecord::259<br>
C:\xampp\htdocs\beml\modules\Users\models\Record.php::save::155<br>
C:\xampp\htdocs\beml\modules\Vtiger\actions\Save.php::save::117<br>
C:\xampp\htdocs\beml\modules\Users\actions\Save.php::saveRecord::126<br>
C:\xampp\htdocs\beml\includes\main\WebUI.php::process::216<br>
C:\xampp\htdocs\beml\index.php::process::22<br>
Traced on 2022-05-28 04:28:10
FileAccessForInclusion - 
C:\xampp\htdocs\beml\include\utils\CommonUtils.php::checkFileAccessForInclusion::388<br>
C:\xampp\htdocs\beml\modules\Users\CreateUserPrivilegeFile.php::checkFileAccessForInclusion::114<br>
C:\xampp\htdocs\beml\modules\Users\Users.php::createUserSharingPrivilegesfile::1126<br>
C:\xampp\htdocs\beml\modules\Users\models\Module.php::save::260<br>
C:\xampp\htdocs\beml\modules\Vtiger\models\Record.php::saveRecord::259<br>
C:\xampp\htdocs\beml\modules\Users\models\Record.php::save::155<br>
C:\xampp\htdocs\beml\modules\Vtiger\actions\Save.php::save::117<br>
C:\xampp\htdocs\beml\modules\Users\actions\Save.php::saveRecord::126<br>
C:\xampp\htdocs\beml\includes\main\WebUI.php::process::216<br>
C:\xampp\htdocs\beml\index.php::process::22<br>
Traced on 2022-05-28 04:34:24
FileAccessForInclusion - 
C:\xampp\htdocs\beml\include\utils\CommonUtils.php::checkFileAccessForInclusion::388<br>
C:\xampp\htdocs\beml\modules\Users\CreateUserPrivilegeFile.php::checkFileAccessForInclusion::114<br>
C:\xampp\htdocs\beml\modules\Users\Users.php::createUserSharingPrivilegesfile::1126<br>
C:\xampp\htdocs\beml\modules\Users\models\Module.php::save::260<br>
C:\xampp\htdocs\beml\modules\Vtiger\models\Record.php::saveRecord::259<br>
C:\xampp\htdocs\beml\modules\Users\models\Record.php::save::155<br>
C:\xampp\htdocs\beml\modules\Vtiger\actions\Save.php::save::117<br>
C:\xampp\htdocs\beml\modules\Users\actions\Save.php::saveRecord::126<br>
C:\xampp\htdocs\beml\includes\main\WebUI.php::process::216<br>
C:\xampp\htdocs\beml\index.php::process::22<br>
Traced on 2022-05-28 04:48:01
FileAccessForInclusion - 
C:\xampp\htdocs\beml\include\utils\CommonUtils.php::checkFileAccessForInclusion::388<br>
C:\xampp\htdocs\beml\vtlib\Vtiger\AccessControl.php::checkFileAccessForInclusion::25<br>
C:\xampp\htdocs\beml\vtlib\Vtiger\AccessControl.php::loadUserPrivilegesWithId::44<br>
C:\xampp\htdocs\beml\modules\Users\Users.php::loadUserPrivileges::646<br>
C:\xampp\htdocs\beml\modules\Users\models\Record.php::retrieveCurrentUserInfoFromFile::818<br>
C:\xampp\htdocs\beml\modules\Users\models\Privileges.php::getInstanceFromPreferenceFile::188<br>
C:\xampp\htdocs\beml\test\templates_c\v7\9767dc3102998e6e6f4bc95533c6c9cede9e5462.file.ListViewRecordActions.tpl.php::isPermittedToChangeUsername::33<br>
C:\xampp\htdocs\beml\libraries\Smarty\libs\sysplugins\smarty_internal_templatebase.php::content_6280a5bd87d8a::180<br>
C:\xampp\htdocs\beml\libraries\Smarty\libs\sysplugins\smarty_internal_template.php::fetch::285<br>
C:\xampp\htdocs\beml\test\templates_c\v7\1aed77e389a3c9b8044c5dfa20f3a9a1db31b52a.file.ListViewContents.tpl.php::getSubTemplate::106<br>
C:\xampp\htdocs\beml\libraries\Smarty\libs\sysplugins\smarty_internal_templatebase.php::content_6280a5bc8e9dd::180<br>
C:\xampp\htdocs\beml\libraries\Smarty\libs\sysplugins\smarty_internal_templatebase.php::fetch::374<br>
C:\xampp\htdocs\beml\includes\runtime\Viewer.php::display::188<br>
C:\xampp\htdocs\beml\modules\Users\views\List.php::view::31<br>
C:\xampp\htdocs\beml\includes\main\WebUI.php::process::216<br>
C:\xampp\htdocs\beml\index.php::process::22<br>
Traced on 2022-05-28 04:49:27
FileAccessForInclusion - 
C:\xampp\htdocs\beml\include\utils\CommonUtils.php::checkFileAccessForInclusion::388<br>
C:\xampp\htdocs\beml\modules\Users\CreateUserPrivilegeFile.php::checkFileAccessForInclusion::114<br>
C:\xampp\htdocs\beml\modules\Users\Users.php::createUserSharingPrivilegesfile::1126<br>
C:\xampp\htdocs\beml\modules\Users\models\Module.php::save::260<br>
C:\xampp\htdocs\beml\modules\Vtiger\models\Record.php::saveRecord::259<br>
C:\xampp\htdocs\beml\modules\Users\models\Record.php::save::155<br>
C:\xampp\htdocs\beml\modules\Vtiger\actions\Save.php::save::117<br>
C:\xampp\htdocs\beml\modules\Users\actions\Save.php::saveRecord::126<br>
C:\xampp\htdocs\beml\includes\main\WebUI.php::process::216<br>
C:\xampp\htdocs\beml\index.php::process::22<br>
Traced on 2022-05-28 04:52:45
FileAccessForInclusion - 
C:\xampp\htdocs\beml\include\utils\CommonUtils.php::checkFileAccessForInclusion::388<br>
C:\xampp\htdocs\beml\modules\Users\CreateUserPrivilegeFile.php::checkFileAccessForInclusion::114<br>
C:\xampp\htdocs\beml\modules\Users\Users.php::createUserSharingPrivilegesfile::1126<br>
C:\xampp\htdocs\beml\modules\Users\models\Module.php::save::260<br>
C:\xampp\htdocs\beml\modules\Vtiger\models\Record.php::saveRecord::259<br>
C:\xampp\htdocs\beml\modules\Users\models\Record.php::save::155<br>
C:\xampp\htdocs\beml\modules\Vtiger\actions\Save.php::save::117<br>
C:\xampp\htdocs\beml\modules\Users\actions\Save.php::saveRecord::126<br>
C:\xampp\htdocs\beml\includes\main\WebUI.php::process::216<br>
C:\xampp\htdocs\beml\index.php::process::22<br>
Traced on 2022-05-28 04:54:37
FileAccessForInclusion - 
C:\xampp\htdocs\beml\include\utils\CommonUtils.php::checkFileAccessForInclusion::388<br>
C:\xampp\htdocs\beml\modules\Users\CreateUserPrivilegeFile.php::checkFileAccessForInclusion::114<br>
C:\xampp\htdocs\beml\modules\Users\Users.php::createUserSharingPrivilegesfile::1126<br>
C:\xampp\htdocs\beml\modules\Users\models\Module.php::save::260<br>
C:\xampp\htdocs\beml\modules\Vtiger\models\Record.php::saveRecord::259<br>
C:\xampp\htdocs\beml\modules\Users\models\Record.php::save::155<br>
C:\xampp\htdocs\beml\modules\Vtiger\actions\Save.php::save::117<br>
C:\xampp\htdocs\beml\modules\Users\actions\Save.php::saveRecord::129<br>
C:\xampp\htdocs\beml\includes\main\WebUI.php::process::216<br>
C:\xampp\htdocs\beml\index.php::process::22<br>
Traced on 2022-05-28 05:45:07
FileAccessForInclusion - 
C:\xampp\htdocs\beml\include\utils\CommonUtils.php::checkFileAccessForInclusion::388<br>
C:\xampp\htdocs\beml\modules\Users\CreateUserPrivilegeFile.php::checkFileAccessForInclusion::114<br>
C:\xampp\htdocs\beml\modules\Users\Users.php::createUserSharingPrivilegesfile::1130<br>
C:\xampp\htdocs\beml\modules\Users\models\Module.php::save::260<br>
C:\xampp\htdocs\beml\modules\Vtiger\models\Record.php::saveRecord::259<br>
C:\xampp\htdocs\beml\modules\Users\models\Record.php::save::155<br>
C:\xampp\htdocs\beml\modules\Vtiger\actions\Save.php::save::117<br>
C:\xampp\htdocs\beml\modules\Users\actions\Save.php::saveRecord::129<br>
C:\xampp\htdocs\beml\includes\main\WebUI.php::process::216<br>
C:\xampp\htdocs\beml\index.php::process::22<br>
Traced on 2022-05-28 05:47:22
FileAccessForInclusion - 
C:\xampp\htdocs\beml\include\utils\CommonUtils.php::checkFileAccessForInclusion::388<br>
C:\xampp\htdocs\beml\modules\Users\CreateUserPrivilegeFile.php::checkFileAccessForInclusion::114<br>
C:\xampp\htdocs\beml\modules\Users\Users.php::createUserSharingPrivilegesfile::1130<br>
C:\xampp\htdocs\beml\modules\Users\models\Module.php::save::260<br>
C:\xampp\htdocs\beml\modules\Vtiger\models\Record.php::saveRecord::259<br>
C:\xampp\htdocs\beml\modules\Users\models\Record.php::save::155<br>
C:\xampp\htdocs\beml\modules\Vtiger\actions\Save.php::save::117<br>
C:\xampp\htdocs\beml\modules\Users\actions\Save.php::saveRecord::129<br>
C:\xampp\htdocs\beml\includes\main\WebUI.php::process::216<br>
C:\xampp\htdocs\beml\index.php::process::22<br>
Traced on 2022-05-28 05:48:00
FileAccessForInclusion - 
C:\xampp\htdocs\beml\include\utils\CommonUtils.php::checkFileAccessForInclusion::388<br>
C:\xampp\htdocs\beml\modules\Users\CreateUserPrivilegeFile.php::checkFileAccessForInclusion::114<br>
C:\xampp\htdocs\beml\modules\Users\Users.php::createUserSharingPrivilegesfile::1130<br>
C:\xampp\htdocs\beml\modules\Users\models\Module.php::save::260<br>
C:\xampp\htdocs\beml\modules\Vtiger\models\Record.php::saveRecord::259<br>
C:\xampp\htdocs\beml\modules\Users\models\Record.php::save::155<br>
C:\xampp\htdocs\beml\modules\Vtiger\actions\Save.php::save::117<br>
C:\xampp\htdocs\beml\modules\Users\actions\Save.php::saveRecord::129<br>
C:\xampp\htdocs\beml\includes\main\WebUI.php::process::216<br>
C:\xampp\htdocs\beml\index.php::process::22<br>
Traced on 2022-05-28 05:49:21
FileAccessForInclusion - 
C:\xampp\htdocs\beml\include\utils\CommonUtils.php::checkFileAccessForInclusion::388<br>
C:\xampp\htdocs\beml\modules\Users\CreateUserPrivilegeFile.php::checkFileAccessForInclusion::114<br>
C:\xampp\htdocs\beml\modules\Users\Users.php::createUserSharingPrivilegesfile::1130<br>
C:\xampp\htdocs\beml\modules\Users\models\Module.php::save::260<br>
C:\xampp\htdocs\beml\modules\Vtiger\models\Record.php::saveRecord::259<br>
C:\xampp\htdocs\beml\modules\Users\models\Record.php::save::155<br>
C:\xampp\htdocs\beml\modules\Vtiger\actions\Save.php::save::117<br>
C:\xampp\htdocs\beml\modules\Users\actions\Save.php::saveRecord::129<br>
C:\xampp\htdocs\beml\includes\main\WebUI.php::process::216<br>
C:\xampp\htdocs\beml\index.php::process::22<br>
Traced on 2022-05-28 06:08:07
FileAccessForInclusion - 
C:\xampp\htdocs\beml\include\utils\CommonUtils.php::checkFileAccessForInclusion::388<br>
C:\xampp\htdocs\beml\vtlib\Vtiger\AccessControl.php::checkFileAccessForInclusion::25<br>
C:\xampp\htdocs\beml\vtlib\Vtiger\AccessControl.php::loadUserPrivilegesWithId::44<br>
C:\xampp\htdocs\beml\modules\Users\Users.php::loadUserPrivileges::646<br>
C:\xampp\htdocs\beml\modules\Users\models\Record.php::retrieveCurrentUserInfoFromFile::818<br>
C:\xampp\htdocs\beml\modules\Users\models\Privileges.php::getInstanceFromPreferenceFile::188<br>
C:\xampp\htdocs\beml\test\templates_c\v7\9767dc3102998e6e6f4bc95533c6c9cede9e5462.file.ListViewRecordActions.tpl.php::isPermittedToChangeUsername::33<br>
C:\xampp\htdocs\beml\libraries\Smarty\libs\sysplugins\smarty_internal_templatebase.php::content_6280a5bd87d8a::180<br>
C:\xampp\htdocs\beml\libraries\Smarty\libs\sysplugins\smarty_internal_template.php::fetch::285<br>
C:\xampp\htdocs\beml\test\templates_c\v7\1aed77e389a3c9b8044c5dfa20f3a9a1db31b52a.file.ListViewContents.tpl.php::getSubTemplate::106<br>
C:\xampp\htdocs\beml\libraries\Smarty\libs\sysplugins\smarty_internal_templatebase.php::content_6280a5bc8e9dd::180<br>
C:\xampp\htdocs\beml\libraries\Smarty\libs\sysplugins\smarty_internal_templatebase.php::fetch::374<br>
C:\xampp\htdocs\beml\includes\runtime\Viewer.php::display::188<br>
C:\xampp\htdocs\beml\modules\Users\views\List.php::view::31<br>
C:\xampp\htdocs\beml\includes\main\WebUI.php::process::216<br>
C:\xampp\htdocs\beml\index.php::process::22<br>
Traced on 2022-05-28 06:08:14
FileAccessForInclusion - 
C:\xampp\htdocs\beml\include\utils\CommonUtils.php::checkFileAccessForInclusion::388<br>
C:\xampp\htdocs\beml\vtlib\Vtiger\AccessControl.php::checkFileAccessForInclusion::25<br>
C:\xampp\htdocs\beml\vtlib\Vtiger\AccessControl.php::loadUserPrivilegesWithId::44<br>
C:\xampp\htdocs\beml\modules\Users\Users.php::loadUserPrivileges::646<br>
C:\xampp\htdocs\beml\modules\Users\models\Record.php::retrieveCurrentUserInfoFromFile::818<br>
C:\xampp\htdocs\beml\modules\Users\models\Privileges.php::getInstanceFromPreferenceFile::188<br>
C:\xampp\htdocs\beml\test\templates_c\v7\9767dc3102998e6e6f4bc95533c6c9cede9e5462.file.ListViewRecordActions.tpl.php::isPermittedToChangeUsername::33<br>
C:\xampp\htdocs\beml\libraries\Smarty\libs\sysplugins\smarty_internal_templatebase.php::content_6280a5bd87d8a::180<br>
C:\xampp\htdocs\beml\libraries\Smarty\libs\sysplugins\smarty_internal_template.php::fetch::285<br>
C:\xampp\htdocs\beml\test\templates_c\v7\1aed77e389a3c9b8044c5dfa20f3a9a1db31b52a.file.ListViewContents.tpl.php::getSubTemplate::106<br>
C:\xampp\htdocs\beml\libraries\Smarty\libs\sysplugins\smarty_internal_templatebase.php::content_6280a5bc8e9dd::180<br>
C:\xampp\htdocs\beml\libraries\Smarty\libs\sysplugins\smarty_internal_templatebase.php::fetch::374<br>
C:\xampp\htdocs\beml\includes\runtime\Viewer.php::display::188<br>
C:\xampp\htdocs\beml\modules\Users\views\List.php::view::31<br>
C:\xampp\htdocs\beml\includes\main\WebUI.php::process::216<br>
C:\xampp\htdocs\beml\index.php::process::22<br>
Traced on 2022-05-31 10:59:16
FileAccessForInclusion - 
C:\xampp\htdocs\beml\include\utils\CommonUtils.php::checkFileAccessForInclusion::388<br>
C:\xampp\htdocs\beml\data\CRMEntity.php::checkFileAccessForInclusion::56<br>
C:\xampp\htdocs\beml\modules\Vtiger\models\Record.php::getInstance::300<br>
C:\xampp\htdocs\beml\modules\ServiceEngineer\calculateYOE.php::getInstanceById::13<br>
C:\xampp\htdocs\beml\modules\com_vtiger_workflow\VTEntityMethodManager.inc::calculateYOE::35<br>
C:\xampp\htdocs\beml\modules\com_vtiger_workflow\tasks\VTEntityMethodTask.inc::executeMethod::19<br>
C:\xampp\htdocs\beml\modules\com_vtiger_workflow\VTWorkflowManager.inc::doTask::426<br>
C:\xampp\htdocs\beml\modules\com_vtiger_workflow\VTEventHandler.inc::performTasks::114<br>
C:\xampp\htdocs\beml\include\events\VTEventTrigger.inc::handleEvent::143<br>
C:\xampp\htdocs\beml\include\events\VTEventsManager.inc::trigger::118<br>
C:\xampp\htdocs\beml\data\CRMEntity.php::triggerEvent::959<br>
C:\xampp\htdocs\beml\modules\Vtiger\models\Module.php::save::169<br>
C:\xampp\htdocs\beml\modules\Vtiger\models\Record.php::saveRecord::259<br>
C:\xampp\htdocs\beml\modules\Vtiger\actions\Save.php::save::117<br>
C:\xampp\htdocs\beml\modules\Vtiger\actions\Save.php::saveRecord::54<br>
C:\xampp\htdocs\beml\includes\main\WebUI.php::process::216<br>
C:\xampp\htdocs\beml\index.php::process::22<br>
Traced on 2022-06-02 13:23:20
FileAccessForInclusion - 
C:\xampp\htdocs\beml\include\utils\CommonUtils.php::checkFileAccessForInclusion::388<br>
C:\xampp\htdocs\beml\data\CRMEntity.php::checkFileAccessForInclusion::56<br>
C:\xampp\htdocs\beml\modules\Vtiger\models\Record.php::getInstance::276<br>
C:\xampp\htdocs\beml\modules\Contacts\handleCustomerPortalUser.php::getCleanInstance::17<br>
C:\xampp\htdocs\beml\modules\com_vtiger_workflow\VTEntityMethodManager.inc::handleCustomerPortalUser::35<br>
C:\xampp\htdocs\beml\modules\com_vtiger_workflow\tasks\VTEntityMethodTask.inc::executeMethod::19<br>
C:\xampp\htdocs\beml\modules\com_vtiger_workflow\VTWorkflowManager.inc::doTask::426<br>
C:\xampp\htdocs\beml\modules\com_vtiger_workflow\VTEventHandler.inc::performTasks::114<br>
C:\xampp\htdocs\beml\include\events\VTEventTrigger.inc::handleEvent::143<br>
C:\xampp\htdocs\beml\include\events\VTEventsManager.inc::trigger::118<br>
C:\xampp\htdocs\beml\data\CRMEntity.php::triggerEvent::959<br>
C:\xampp\htdocs\beml\modules\Vtiger\models\Module.php::save::169<br>
C:\xampp\htdocs\beml\modules\Vtiger\models\Record.php::saveRecord::259<br>
C:\xampp\htdocs\beml\modules\Vtiger\actions\Save.php::save::117<br>
C:\xampp\htdocs\beml\modules\Vtiger\actions\SaveAjax.php::saveRecord::33<br>
C:\xampp\htdocs\beml\includes\main\WebUI.php::process::216<br>
C:\xampp\htdocs\beml\index.php::process::22<br>
Traced on 2022-06-02 13:23:58
FileAccessForInclusion - 
C:\xampp\htdocs\beml\include\utils\CommonUtils.php::checkFileAccessForInclusion::388<br>
C:\xampp\htdocs\beml\data\CRMEntity.php::checkFileAccessForInclusion::56<br>
C:\xampp\htdocs\beml\modules\Vtiger\models\Record.php::getInstance::276<br>
C:\xampp\htdocs\beml\modules\Contacts\handleCustomerPortalUser.php::getCleanInstance::12<br>
C:\xampp\htdocs\beml\modules\com_vtiger_workflow\VTEntityMethodManager.inc::handleCustomerPortalUser::35<br>
C:\xampp\htdocs\beml\modules\com_vtiger_workflow\tasks\VTEntityMethodTask.inc::executeMethod::19<br>
C:\xampp\htdocs\beml\modules\com_vtiger_workflow\VTWorkflowManager.inc::doTask::426<br>
C:\xampp\htdocs\beml\modules\com_vtiger_workflow\VTEventHandler.inc::performTasks::114<br>
C:\xampp\htdocs\beml\include\events\VTEventTrigger.inc::handleEvent::143<br>
C:\xampp\htdocs\beml\include\events\VTEventsManager.inc::trigger::118<br>
C:\xampp\htdocs\beml\data\CRMEntity.php::triggerEvent::959<br>
C:\xampp\htdocs\beml\modules\Vtiger\models\Module.php::save::169<br>
C:\xampp\htdocs\beml\modules\Vtiger\models\Record.php::saveRecord::259<br>
C:\xampp\htdocs\beml\modules\Vtiger\actions\Save.php::save::117<br>
C:\xampp\htdocs\beml\modules\Vtiger\actions\SaveAjax.php::saveRecord::33<br>
C:\xampp\htdocs\beml\includes\main\WebUI.php::process::216<br>
C:\xampp\htdocs\beml\index.php::process::22<br>
Traced on 2022-06-13 14:31:10
FileAccessForInclusion - 
C:\xampp\htdocs\beml\include\utils\CommonUtils.php::checkFileAccessForInclusion::388<br>
C:\xampp\htdocs\beml\includes\Loader.php::checkFileAccessForInclusion::65<br>
C:\xampp\htdocs\beml\includes\Loader.php::includeOnce::191<br>
C:\xampp\htdocs\beml\includes\main\WebUI.php::vimport::15<br>
C:\xampp\htdocs\beml\index.php::include_once::19<br>
Traced on 2022-06-18 12:00:57
FileAccessForInclusion - 
C:\xampp\htdocs\beml\include\utils\CommonUtils.php::checkFileAccessForInclusion::388<br>
C:\xampp\htdocs\beml\data\CRMEntity.php::checkFileAccessForInclusion::56<br>
C:\xampp\htdocs\beml\modules\Vtiger\models\Record.php::getInstance::300<br>
C:\xampp\htdocs\beml\modules\HelpDesk\HandleTicketAssignment.php::getInstanceById::8<br>
C:\xampp\htdocs\beml\modules\com_vtiger_workflow\VTEntityMethodManager.inc::HandleTicketAssignment::35<br>
C:\xampp\htdocs\beml\modules\com_vtiger_workflow\tasks\VTEntityMethodTask.inc::executeMethod::19<br>
C:\xampp\htdocs\beml\modules\com_vtiger_workflow\VTWorkflowManager.inc::doTask::426<br>
C:\xampp\htdocs\beml\modules\com_vtiger_workflow\VTEventHandler.inc::performTasks::114<br>
C:\xampp\htdocs\beml\include\events\VTEventTrigger.inc::handleEvent::143<br>
C:\xampp\htdocs\beml\include\events\VTEventsManager.inc::trigger::118<br>
C:\xampp\htdocs\beml\data\CRMEntity.php::triggerEvent::959<br>
C:\xampp\htdocs\beml\modules\Vtiger\models\Module.php::save::169<br>
C:\xampp\htdocs\beml\modules\Vtiger\models\Record.php::saveRecord::259<br>
C:\xampp\htdocs\beml\modules\Vtiger\actions\Save.php::save::118<br>
C:\xampp\htdocs\beml\modules\Vtiger\actions\Save.php::saveRecord::54<br>
C:\xampp\htdocs\beml\includes\main\WebUI.php::process::216<br>
C:\xampp\htdocs\beml\index.php::process::22<br>
Traced on 2022-07-16 08:16:28
FileAccessForInclusion - 
C:\xampp\htdocs\beml\include\utils\CommonUtils.php::checkFileAccessForInclusion::388<br>
C:\xampp\htdocs\beml\data\CRMEntity.php::checkFileAccessForInclusion::56<br>
C:\xampp\htdocs\beml\modules\Vtiger\models\Record.php::getInstance::300<br>
C:\xampp\htdocs\beml\include\utils\utils.php::getInstanceById::2516<br>
C:\xampp\htdocs\beml\modules\Vtiger\handlers\CheckDuplicateHandler.php::getDuplicatesPreventionMessage::244<br>
C:\xampp\htdocs\beml\modules\Vtiger\actions\MassSave.php::getDuplicationMessage::40<br>
C:\xampp\htdocs\beml\includes\main\WebUI.php::process::216<br>
C:\xampp\htdocs\beml\index.php::process::11<br>
Traced on 2022-07-16 08:17:19
FileAccessForInclusion - 
C:\xampp\htdocs\beml\include\utils\CommonUtils.php::checkFileAccessForInclusion::388<br>
C:\xampp\htdocs\beml\data\CRMEntity.php::checkFileAccessForInclusion::56<br>
C:\xampp\htdocs\beml\modules\Vtiger\models\Record.php::getInstance::300<br>
C:\xampp\htdocs\beml\include\utils\utils.php::getInstanceById::2516<br>
C:\xampp\htdocs\beml\modules\Vtiger\handlers\CheckDuplicateHandler.php::getDuplicatesPreventionMessage::244<br>
C:\xampp\htdocs\beml\modules\Vtiger\actions\MassSave.php::getDuplicationMessage::40<br>
C:\xampp\htdocs\beml\includes\main\WebUI.php::process::216<br>
C:\xampp\htdocs\beml\index.php::process::11<br>
Traced on 2022-07-16 08:20:18
FileAccessForInclusion - 
C:\xampp\htdocs\beml\include\utils\CommonUtils.php::checkFileAccessForInclusion::388<br>
C:\xampp\htdocs\beml\data\CRMEntity.php::checkFileAccessForInclusion::56<br>
C:\xampp\htdocs\beml\modules\Vtiger\models\Record.php::getInstance::300<br>
C:\xampp\htdocs\beml\include\utils\utils.php::getInstanceById::2516<br>
C:\xampp\htdocs\beml\modules\Vtiger\handlers\CheckDuplicateHandler.php::getDuplicatesPreventionMessage::244<br>
C:\xampp\htdocs\beml\modules\Vtiger\actions\MassSave.php::getDuplicationMessage::40<br>
C:\xampp\htdocs\beml\includes\main\WebUI.php::process::216<br>
C:\xampp\htdocs\beml\index.php::process::11<br>
Traced on 2022-07-16 08:21:14
FileAccessForInclusion - 
C:\xampp\htdocs\beml\include\utils\CommonUtils.php::checkFileAccessForInclusion::388<br>
C:\xampp\htdocs\beml\data\CRMEntity.php::checkFileAccessForInclusion::56<br>
C:\xampp\htdocs\beml\modules\Vtiger\models\Record.php::getInstance::300<br>
C:\xampp\htdocs\beml\include\utils\utils.php::getInstanceById::2516<br>
C:\xampp\htdocs\beml\modules\Vtiger\handlers\CheckDuplicateHandler.php::getDuplicatesPreventionMessage::244<br>
C:\xampp\htdocs\beml\modules\Vtiger\actions\MassSave.php::getDuplicationMessage::40<br>
C:\xampp\htdocs\beml\includes\main\WebUI.php::process::216<br>
C:\xampp\htdocs\beml\index.php::process::11<br>
Traced on 2022-07-16 08:22:07
FileAccessForInclusion - 
C:\xampp\htdocs\beml\include\utils\CommonUtils.php::checkFileAccessForInclusion::388<br>
C:\xampp\htdocs\beml\data\CRMEntity.php::checkFileAccessForInclusion::56<br>
C:\xampp\htdocs\beml\modules\Vtiger\models\Record.php::getInstance::300<br>
C:\xampp\htdocs\beml\include\utils\utils.php::getInstanceById::2516<br>
C:\xampp\htdocs\beml\modules\Vtiger\handlers\CheckDuplicateHandler.php::getDuplicatesPreventionMessage::244<br>
C:\xampp\htdocs\beml\modules\Vtiger\actions\MassSave.php::getDuplicationMessage::40<br>
C:\xampp\htdocs\beml\includes\main\WebUI.php::process::216<br>
C:\xampp\htdocs\beml\index.php::process::11<br>
Traced on 2022-07-16 10:08:56
FileAccessForInclusion - 
C:\xampp\htdocs\beml\include\utils\CommonUtils.php::checkFileAccessForInclusion::388<br>
C:\xampp\htdocs\beml\data\CRMEntity.php::checkFileAccessForInclusion::56<br>
C:\xampp\htdocs\beml\modules\Vtiger\models\Record.php::getInstance::300<br>
C:\xampp\htdocs\beml\include\utils\utils.php::getInstanceById::2516<br>
C:\xampp\htdocs\beml\modules\Vtiger\handlers\CheckDuplicateHandler.php::getDuplicatesPreventionMessage::244<br>
C:\xampp\htdocs\beml\modules\Vtiger\actions\SaveAjax.php::getDuplicationMessage::81<br>
C:\xampp\htdocs\beml\includes\main\WebUI.php::process::216<br>
C:\xampp\htdocs\beml\index.php::process::11<br>
Traced on 2022-07-16 10:09:09
FileAccessForInclusion - 
C:\xampp\htdocs\beml\include\utils\CommonUtils.php::checkFileAccessForInclusion::388<br>
C:\xampp\htdocs\beml\data\CRMEntity.php::checkFileAccessForInclusion::56<br>
C:\xampp\htdocs\beml\modules\Vtiger\models\Record.php::getInstance::300<br>
C:\xampp\htdocs\beml\include\utils\utils.php::getInstanceById::2516<br>
C:\xampp\htdocs\beml\modules\Vtiger\handlers\CheckDuplicateHandler.php::getDuplicatesPreventionMessage::244<br>
C:\xampp\htdocs\beml\modules\Vtiger\actions\SaveAjax.php::getDuplicationMessage::81<br>
C:\xampp\htdocs\beml\includes\main\WebUI.php::process::216<br>
C:\xampp\htdocs\beml\index.php::process::11<br>
Traced on 2022-07-19 15:31:09
FileAccessForInclusion - 
C:\xampp\htdocs\beml\include\utils\CommonUtils.php::checkFileAccessForInclusion::388<br>
C:\xampp\htdocs\beml\data\CRMEntity.php::checkFileAccessForInclusion::56<br>
C:\xampp\htdocs\beml\modules\Vtiger\models\Record.php::getInstance::300<br>
C:\xampp\htdocs\beml\include\utils\utils.php::getInstanceById::2516<br>
C:\xampp\htdocs\beml\modules\Vtiger\handlers\CheckDuplicateHandler.php::getDuplicatesPreventionMessage::244<br>
C:\xampp\htdocs\beml\modules\Vtiger\actions\MassSave.php::getDuplicationMessage::40<br>
C:\xampp\htdocs\beml\includes\main\WebUI.php::process::219<br>
C:\xampp\htdocs\beml\index.php::process::11<br>
Traced on 2022-09-12 07:02:26
FileAccessForInclusion - 
C:\xampp\htdocs\beml\include\utils\CommonUtils.php::checkFileAccessForInclusion::388<br>
C:\xampp\htdocs\beml\data\CRMEntity.php::checkFileAccessForInclusion::56<br>
C:\xampp\htdocs\beml\modules\Vtiger\models\Record.php::getInstance::300<br>
C:\xampp\htdocs\beml\modules\StockTransferOrders\views\Edit.php::getInstanceById::74<br>
C:\xampp\htdocs\beml\includes\main\WebUI.php::process::219<br>
C:\xampp\htdocs\beml\index.php::process::11<br>
Traced on 2022-09-12 07:02:43
FileAccessForInclusion - 
C:\xampp\htdocs\beml\include\utils\CommonUtils.php::checkFileAccessForInclusion::388<br>
C:\xampp\htdocs\beml\data\CRMEntity.php::checkFileAccessForInclusion::56<br>
C:\xampp\htdocs\beml\modules\Vtiger\models\Record.php::getInstance::300<br>
C:\xampp\htdocs\beml\modules\StockTransferOrders\views\Edit.php::getInstanceById::74<br>
C:\xampp\htdocs\beml\includes\main\WebUI.php::process::219<br>
C:\xampp\htdocs\beml\index.php::process::11<br>
Traced on 2022-09-18 19:33:49
FileAccessForInclusion - 
C:\xampp\htdocs\beml\include\utils\CommonUtils.php::checkFileAccessForInclusion::388<br>
C:\xampp\htdocs\beml\data\CRMEntity.php::checkFileAccessForInclusion::56<br>
C:\xampp\htdocs\beml\modules\Vtiger\models\Record.php::getInstance::300<br>
C:\xampp\htdocs\beml\modules\Inventory\actions\GetTaxes.php::getInstanceById::36<br>
C:\xampp\htdocs\beml\includes\main\WebUI.php::process::219<br>
C:\xampp\htdocs\beml\index.php::process::11<br>
Traced on 2022-09-26 08:38:23
FileAccessForInclusion - 
/var/www/html/beml/include/utils/CommonUtils.php::checkFileAccessForInclusion::388<br>
/var/www/html/beml/includes/Loader.php::checkFileAccessForInclusion::65<br>
/var/www/html/beml/includes/Loader.php::includeOnce::191<br>
/var/www/html/beml/includes/main/WebUI.php::vimport::15<br>
/var/www/html/beml/index.php::include_once::8<br>
Traced on 2022-09-26 08:39:19
FileAccessForInclusion - 
/var/www/html/beml/include/utils/CommonUtils.php::checkFileAccessForInclusion::388<br>
/var/www/html/beml/includes/Loader.php::checkFileAccessForInclusion::65<br>
/var/www/html/beml/includes/Loader.php::includeOnce::191<br>
/var/www/html/beml/includes/main/WebUI.php::vimport::15<br>
/var/www/html/beml/index.php::include_once::8<br>
Traced on 2022-09-26 08:39:22
FileAccessForInclusion - 
/var/www/html/beml/include/utils/CommonUtils.php::checkFileAccessForInclusion::388<br>
/var/www/html/beml/includes/Loader.php::checkFileAccessForInclusion::65<br>
/var/www/html/beml/includes/Loader.php::includeOnce::191<br>
/var/www/html/beml/includes/main/WebUI.php::vimport::15<br>
/var/www/html/beml/index.php::include_once::8<br>
Traced on 2022-11-11 13:46:33
FileAccessForInclusion - 
/var/www/html/bemlquality/include/utils/CommonUtils.php::checkFileAccessForInclusion::388<br>
/var/www/html/bemlquality/data/CRMEntity.php::checkFileAccessForInclusion::56<br>
/var/www/html/bemlquality/modules/Vtiger/models/Record.php::getInstance::300<br>
/var/www/html/bemlquality/include/utils/utils.php::getInstanceById::2516<br>
/var/www/html/bemlquality/modules/Vtiger/handlers/CheckDuplicateHandler.php::getDuplicatesPreventionMessage::244<br>
/var/www/html/bemlquality/modules/Vtiger/actions/SaveAjax.php::getDuplicationMessage::81<br>
/var/www/html/bemlquality/includes/main/WebUI.php::process::219<br>
/var/www/html/bemlquality/index.php::process::11<br>
Traced on 2022-11-11 13:46:42
FileAccessForInclusion - 
/var/www/html/bemlquality/include/utils/CommonUtils.php::checkFileAccessForInclusion::388<br>
/var/www/html/bemlquality/data/CRMEntity.php::checkFileAccessForInclusion::56<br>
/var/www/html/bemlquality/modules/Vtiger/models/Record.php::getInstance::300<br>
/var/www/html/bemlquality/include/utils/utils.php::getInstanceById::2516<br>
/var/www/html/bemlquality/modules/Vtiger/handlers/CheckDuplicateHandler.php::getDuplicatesPreventionMessage::244<br>
/var/www/html/bemlquality/modules/Vtiger/actions/SaveAjax.php::getDuplicationMessage::81<br>
/var/www/html/bemlquality/includes/main/WebUI.php::process::219<br>
/var/www/html/bemlquality/index.php::process::11<br>
Traced on 2022-11-22 10:47:58
FileAccessForInclusion - 
/var/www/html/bemlquality/include/utils/CommonUtils.php::checkFileAccessForInclusion::388<br>
/var/www/html/bemlquality/data/CRMEntity.php::checkFileAccessForInclusion::56<br>
/var/www/html/bemlquality/modules/Vtiger/models/Record.php::getInstance::300<br>
/var/www/html/bemlquality/modules/Inventory/actions/GetTaxes.php::getInstanceById::36<br>
/var/www/html/bemlquality/includes/main/WebUI.php::process::219<br>
/var/www/html/bemlquality/index.php::process::11<br>
Traced on 2022-11-29 05:02:15
FileAccessForInclusion - 
/var/www/html/bemlquality/include/utils/CommonUtils.php::checkFileAccessForInclusion::388<br>
/var/www/html/bemlquality/data/CRMEntity.php::checkFileAccessForInclusion::56<br>
/var/www/html/bemlquality/modules/Vtiger/models/Record.php::getInstance::300<br>
/var/www/html/bemlquality/modules/Inventory/actions/GetTaxes.php::getInstanceById::36<br>
/var/www/html/bemlquality/includes/main/WebUI.php::process::219<br>
/var/www/html/bemlquality/index.php::process::11<br>
Traced on 2022-11-30 06:14:45
FileAccessForInclusion - 
/var/www/html/bemlquality/include/utils/CommonUtils.php::checkFileAccessForInclusion::388<br>
/var/www/html/bemlquality/data/CRMEntity.php::checkFileAccessForInclusion::56<br>
/var/www/html/bemlquality/modules/Vtiger/models/Record.php::getInstance::300<br>
/var/www/html/bemlquality/modules/Inventory/actions/GetTaxes.php::getInstanceById::36<br>
/var/www/html/bemlquality/includes/main/WebUI.php::process::219<br>
/var/www/html/bemlquality/index.php::process::11<br>
Traced on 2022-12-01 08:59:02
FileAccessForInclusion - 
/var/www/html/bemlquality/include/utils/CommonUtils.php::checkFileAccessForInclusion::388<br>
/var/www/html/bemlquality/data/CRMEntity.php::checkFileAccessForInclusion::56<br>
/var/www/html/bemlquality/include/Webservices/Utils.php::getInstance::214<br>
/var/www/html/bemlquality/include/Webservices/VtigerCRMObjectMeta.php::vtws_getModuleInstance::42<br>
/var/www/html/bemlquality/include/Webservices/VtigerModuleOperation.php::__construct::31<br>
/var/www/html/bemlquality/include/Webservices/VtigerModuleOperation.php::getMetaInstance::19<br>
/var/www/html/bemlquality/include/Webservices/Utils.php::__construct::462<br>
/var/www/html/bemlquality/include/QueryGenerator/QueryGenerator.php::vtws_getModuleHandlerFromName::96<br>
/var/www/html/bemlquality/include/QueryGenerator/QueryGenerator.php::getMeta::72<br>
/var/www/html/bemlquality/include/QueryGenerator/EnhancedQueryGenerator.php::__construct::16<br>
/var/www/html/bemlquality/modules/Vtiger/models/ListView.php::__construct::437<br>
/var/www/html/bemlquality/modules/Vtiger/views/List.php::getInstance::56<br>
/var/www/html/bemlquality/includes/main/WebUI.php::preProcess::77<br>
/var/www/html/bemlquality/includes/main/WebUI.php::triggerPreProcess::218<br>
/var/www/html/bemlquality/index.php::process::11<br>
Traced on 2022-12-05 05:50:02
FileAccessForInclusion - 
/var/www/html/bemlquality/include/utils/CommonUtils.php::checkFileAccessForInclusion::388<br>
/var/www/html/bemlquality/data/CRMEntity.php::checkFileAccessForInclusion::56<br>
/var/www/html/bemlquality/modules/Vtiger/models/Record.php::getInstance::300<br>
/var/www/html/bemlquality/modules/Inventory/actions/GetTaxes.php::getInstanceById::36<br>
/var/www/html/bemlquality/includes/main/WebUI.php::process::219<br>
/var/www/html/bemlquality/index.php::process::11<br>
Traced on 2022-12-05 09:34:06
FileAccessForInclusion - 
/var/www/html/bemlquality/include/utils/CommonUtils.php::checkFileAccessForInclusion::388<br>
/var/www/html/bemlquality/data/CRMEntity.php::checkFileAccessForInclusion::56<br>
/var/www/html/bemlquality/modules/Vtiger/models/Record.php::getInstance::300<br>
/var/www/html/bemlquality/modules/Inventory/actions/GetTaxes.php::getInstanceById::36<br>
/var/www/html/bemlquality/includes/main/WebUI.php::process::219<br>
/var/www/html/bemlquality/index.php::process::11<br>
Traced on 2022-12-05 12:04:43
FileAccessForInclusion - 
/var/www/html/bemlquality/include/utils/CommonUtils.php::checkFileAccessForInclusion::388<br>
/var/www/html/bemlquality/data/CRMEntity.php::checkFileAccessForInclusion::56<br>
/var/www/html/bemlquality/modules/Vtiger/models/Record.php::getInstance::300<br>
/var/www/html/bemlquality/modules/Inventory/actions/GetTaxes.php::getInstanceById::36<br>
/var/www/html/bemlquality/includes/main/WebUI.php::process::219<br>
/var/www/html/bemlquality/index.php::process::11<br>
Traced on 2022-12-05 18:28:24
FileAccessForInclusion - 
/var/www/html/bemlquality/include/utils/CommonUtils.php::checkFileAccessForInclusion::388<br>
/var/www/html/bemlquality/data/CRMEntity.php::checkFileAccessForInclusion::56<br>
/var/www/html/bemlquality/modules/Vtiger/models/Record.php::getInstance::276<br>
/var/www/html/bemlquality/modules/Mobile/v1/api/ws/ServiceOrder/GetRecordModelFromSO.php::getCleanInstance::8<br>
/var/www/html/bemlquality/modules/Mobile/v1/api.v1.php::process::147<br>
/var/www/html/bemlquality/modules/Mobile/v1/api.php::process::62<br>
Traced on 2022-12-05 18:28:31
FileAccessForInclusion - 
/var/www/html/bemlquality/include/utils/CommonUtils.php::checkFileAccessForInclusion::388<br>
/var/www/html/bemlquality/data/CRMEntity.php::checkFileAccessForInclusion::56<br>
/var/www/html/bemlquality/modules/Vtiger/models/Record.php::getInstance::276<br>
/var/www/html/bemlquality/modules/Mobile/v1/api/ws/ServiceOrder/GetRecordModelFromSO.php::getCleanInstance::8<br>
/var/www/html/bemlquality/modules/Mobile/v1/api.v1.php::process::147<br>
/var/www/html/bemlquality/modules/Mobile/v1/api.php::process::62<br>
Traced on 2022-12-08 09:14:31
FileAccessForInclusion - 
/var/www/html/bemlquality/include/utils/CommonUtils.php::checkFileAccessForInclusion::388<br>
/var/www/html/bemlquality/data/CRMEntity.php::checkFileAccessForInclusion::56<br>
/var/www/html/bemlquality/modules/Vtiger/models/Record.php::getInstance::300<br>
/var/www/html/bemlquality/modules/Inventory/actions/GetTaxes.php::getInstanceById::36<br>
/var/www/html/bemlquality/includes/main/WebUI.php::process::219<br>
/var/www/html/bemlquality/index.php::process::11<br>
Traced on 2022-12-14 12:33:43
FileAccessForInclusion - 
/var/www/html/bemlquality/include/utils/CommonUtils.php::checkFileAccessForInclusion::388<br>
/var/www/html/bemlquality/data/CRMEntity.php::checkFileAccessForInclusion::56<br>
/var/www/html/bemlquality/modules/Vtiger/models/Record.php::getInstance::300<br>
/var/www/html/bemlquality/modules/Inventory/actions/GetTaxes.php::getInstanceById::36<br>
/var/www/html/bemlquality/includes/main/WebUI.php::process::219<br>
/var/www/html/bemlquality/index.php::process::11<br>
Traced on 2022-12-15 08:45:21
FileAccessForInclusion - 
/var/www/html/bemlquality/include/utils/CommonUtils.php::checkFileAccessForInclusion::388<br>
/var/www/html/bemlquality/data/CRMEntity.php::checkFileAccessForInclusion::56<br>
/var/www/html/bemlquality/modules/Vtiger/models/Record.php::getInstance::300<br>
/var/www/html/bemlquality/modules/Inventory/actions/GetTaxes.php::getInstanceById::36<br>
/var/www/html/bemlquality/includes/main/WebUI.php::process::219<br>
/var/www/html/bemlquality/index.php::process::11<br>
Traced on 2022-12-16 06:41:29
FileAccessForInclusion - 
/var/www/html/bemlquality/include/utils/CommonUtils.php::checkFileAccessForInclusion::388<br>
/var/www/html/bemlquality/data/CRMEntity.php::checkFileAccessForInclusion::56<br>
/var/www/html/bemlquality/modules/Vtiger/models/Record.php::getInstance::300<br>
/var/www/html/bemlquality/modules/StockTransferOrders/views/Edit.php::getInstanceById::90<br>
/var/www/html/bemlquality/includes/main/WebUI.php::process::219<br>
/var/www/html/bemlquality/index.php::process::11<br>
Traced on 2022-12-16 07:53:17
FileAccessForInclusion - 
/var/www/html/bemlquality/include/utils/CommonUtils.php::checkFileAccessForInclusion::388<br>
/var/www/html/bemlquality/data/CRMEntity.php::checkFileAccessForInclusion::56<br>
/var/www/html/bemlquality/modules/Vtiger/models/Record.php::getInstance::300<br>
/var/www/html/bemlquality/modules/StockTransferOrders/views/Edit.php::getInstanceById::90<br>
/var/www/html/bemlquality/includes/main/WebUI.php::process::219<br>
/var/www/html/bemlquality/index.php::process::11<br>
Traced on 2022-12-16 07:53:22
FileAccessForInclusion - 
/var/www/html/bemlquality/include/utils/CommonUtils.php::checkFileAccessForInclusion::388<br>
/var/www/html/bemlquality/data/CRMEntity.php::checkFileAccessForInclusion::56<br>
/var/www/html/bemlquality/modules/Vtiger/models/Record.php::getInstance::300<br>
/var/www/html/bemlquality/modules/StockTransferOrders/views/Edit.php::getInstanceById::90<br>
/var/www/html/bemlquality/includes/main/WebUI.php::process::219<br>
/var/www/html/bemlquality/index.php::process::11<br>
Traced on 2023-01-12 11:14:03
FileAccessForInclusion - 
/var/www/html/bemlquality/include/utils/CommonUtils.php::checkFileAccessForInclusion::388<br>
/var/www/html/bemlquality/data/CRMEntity.php::checkFileAccessForInclusion::56<br>
/var/www/html/bemlquality/modules/Vtiger/models/Record.php::getInstance::300<br>
/var/www/html/bemlquality/modules/Inventory/actions/GetTaxes.php::getInstanceById::36<br>
/var/www/html/bemlquality/includes/main/WebUI.php::process::219<br>
/var/www/html/bemlquality/index.php::process::11<br>
Traced on 2023-01-12 11:29:12
FileAccessForInclusion - 
/var/www/html/bemlquality/include/utils/CommonUtils.php::checkFileAccessForInclusion::388<br>
/var/www/html/bemlquality/data/CRMEntity.php::checkFileAccessForInclusion::56<br>
/var/www/html/bemlquality/modules/Vtiger/models/Record.php::getInstance::300<br>
/var/www/html/bemlquality/modules/StockTransferOrders/views/Edit.php::getInstanceById::90<br>
/var/www/html/bemlquality/includes/main/WebUI.php::process::219<br>
/var/www/html/bemlquality/index.php::process::11<br>
Traced on 2023-01-12 11:29:46
FileAccessForInclusion - 
/var/www/html/bemlquality/include/utils/CommonUtils.php::checkFileAccessForInclusion::388<br>
/var/www/html/bemlquality/data/CRMEntity.php::checkFileAccessForInclusion::56<br>
/var/www/html/bemlquality/modules/Vtiger/models/Record.php::getInstance::300<br>
/var/www/html/bemlquality/modules/Inventory/actions/GetTaxes.php::getInstanceById::36<br>
/var/www/html/bemlquality/includes/main/WebUI.php::process::219<br>
/var/www/html/bemlquality/index.php::process::11<br>
Traced on 2023-02-21 11:54:05
FileAccessForInclusion - 
/var/www/html/bemlquality/include/utils/CommonUtils.php::checkFileAccessForInclusion::388<br>
/var/www/html/bemlquality/data/CRMEntity.php::checkFileAccessForInclusion::56<br>
/var/www/html/bemlquality/modules/Vtiger/models/Record.php::getInstance::300<br>
/var/www/html/bemlquality/modules/StockTransferOrders/views/Edit.php::getInstanceById::90<br>
/var/www/html/bemlquality/includes/main/WebUI.php::process::219<br>
/var/www/html/bemlquality/index.php::process::11<br>
Traced on 2023-02-21 11:57:23
FileAccessForInclusion - 
/var/www/html/bemlquality/include/utils/CommonUtils.php::checkFileAccessForInclusion::388<br>
/var/www/html/bemlquality/data/CRMEntity.php::checkFileAccessForInclusion::56<br>
/var/www/html/bemlquality/modules/Vtiger/models/Record.php::getInstance::300<br>
/var/www/html/bemlquality/modules/StockTransferOrders/views/Edit.php::getInstanceById::90<br>
/var/www/html/bemlquality/includes/main/WebUI.php::process::219<br>
/var/www/html/bemlquality/index.php::process::11<br>
Traced on 2023-02-22 11:37:24
FileAccessForInclusion - 
/var/www/html/bemlquality/include/utils/CommonUtils.php::checkFileAccessForInclusion::388<br>
/var/www/html/bemlquality/data/CRMEntity.php::checkFileAccessForInclusion::56<br>
/var/www/html/bemlquality/modules/Vtiger/models/Record.php::getInstance::300<br>
/var/www/html/bemlquality/modules/StockTransferOrders/views/Edit.php::getInstanceById::90<br>
/var/www/html/bemlquality/includes/main/WebUI.php::process::219<br>
/var/www/html/bemlquality/index.php::process::11<br>
Traced on 2023-02-28 12:20:38
FileAccessForInclusion - 
/var/www/html/bemlquality/include/utils/CommonUtils.php::checkFileAccessForInclusion::388<br>
/var/www/html/bemlquality/data/CRMEntity.php::checkFileAccessForInclusion::56<br>
/var/www/html/bemlquality/modules/Vtiger/models/Record.php::getInstance::300<br>
/var/www/html/bemlquality/modules/StockTransferOrders/views/Edit.php::getInstanceById::90<br>
/var/www/html/bemlquality/includes/main/WebUI.php::process::219<br>
/var/www/html/bemlquality/index.php::process::11<br>
Traced on 2023-03-02 09:06:20
FileAccessForInclusion - 
/var/www/html/bemlquality/include/utils/CommonUtils.php::checkFileAccessForInclusion::388<br>
/var/www/html/bemlquality/data/CRMEntity.php::checkFileAccessForInclusion::56<br>
/var/www/html/bemlquality/include/Webservices/Utils.php::getInstance::214<br>
/var/www/html/bemlquality/include/Webservices/VtigerCRMObjectMeta.php::vtws_getModuleInstance::42<br>
/var/www/html/bemlquality/include/Webservices/VtigerModuleOperation.php::__construct::31<br>
/var/www/html/bemlquality/include/Webservices/VtigerModuleOperation.php::getMetaInstance::19<br>
/var/www/html/bemlquality/include/Webservices/Utils.php::__construct::462<br>
/var/www/html/bemlquality/include/QueryGenerator/QueryGenerator.php::vtws_getModuleHandlerFromName::96<br>
/var/www/html/bemlquality/include/QueryGenerator/QueryGenerator.php::getMeta::72<br>
/var/www/html/bemlquality/include/QueryGenerator/EnhancedQueryGenerator.php::__construct::16<br>
/var/www/html/bemlquality/modules/Vtiger/models/ListView.php::__construct::437<br>
/var/www/html/bemlquality/modules/Mobile/v1/api/ws/BankGuarantee/GetBGList.php::getInstance::79<br>
/var/www/html/bemlquality/modules/Mobile/v1/api.v1.php::process::153<br>
/var/www/html/bemlquality/modules/Mobile/v1/api.php::process::62<br>
Traced on 2023-03-06 09:03:35
FileAccessForInclusion - 
/var/www/html/bemlquality/include/utils/CommonUtils.php::checkFileAccessForInclusion::388<br>
/var/www/html/bemlquality/data/CRMEntity.php::checkFileAccessForInclusion::56<br>
/var/www/html/bemlquality/modules/Vtiger/models/Record.php::getInstance::300<br>
/var/www/html/bemlquality/include/Webservices/LineItem/VtigerInventoryOperation.php::getInstanceById::206<br>
/var/www/html/bemlquality/include/Webservices/LineItem/VtigerInventoryOperation.php::getLineItemFinalDetails::200<br>
/var/www/html/bemlquality/include/Webservices/Retrieve.php::retrieve::45<br>
/var/www/html/bemlquality/modules/Mobile/v1/api/ws/FetchRecord.php::vtws_retrieve::33<br>
/var/www/html/bemlquality/modules/Mobile/v1/api/ws/HelpDesk/GetRecordDetail.php::processRetrieve::87<br>
/var/www/html/bemlquality/modules/Mobile/v1/api/ws/FetchRecord.php::processRetrieve::50<br>
/var/www/html/bemlquality/modules/Mobile/v1/api/ws/HelpDesk/GetRecordDetail.php::process::100<br>
/var/www/html/bemlquality/modules/Mobile/v1/api.v1.php::process::153<br>
/var/www/html/bemlquality/modules/Mobile/v1/api.php::process::62<br>
Traced on 2023-03-06 09:03:50
FileAccessForInclusion - 
/var/www/html/bemlquality/include/utils/CommonUtils.php::checkFileAccessForInclusion::388<br>
/var/www/html/bemlquality/data/CRMEntity.php::checkFileAccessForInclusion::56<br>
/var/www/html/bemlquality/modules/Vtiger/models/Record.php::getInstance::300<br>
/var/www/html/bemlquality/include/Webservices/LineItem/VtigerInventoryOperation.php::getInstanceById::206<br>
/var/www/html/bemlquality/include/Webservices/LineItem/VtigerInventoryOperation.php::getLineItemFinalDetails::200<br>
/var/www/html/bemlquality/include/Webservices/Retrieve.php::retrieve::45<br>
/var/www/html/bemlquality/modules/Mobile/v1/api/ws/FetchRecord.php::vtws_retrieve::33<br>
/var/www/html/bemlquality/modules/Mobile/v1/api/ws/HelpDesk/GetRecordDetail.php::processRetrieve::87<br>
/var/www/html/bemlquality/modules/Mobile/v1/api/ws/FetchRecord.php::processRetrieve::50<br>
/var/www/html/bemlquality/modules/Mobile/v1/api/ws/HelpDesk/GetRecordDetail.php::process::100<br>
/var/www/html/bemlquality/modules/Mobile/v1/api.v1.php::process::153<br>
/var/www/html/bemlquality/modules/Mobile/v1/api.php::process::62<br>
Traced on 2023-03-06 09:03:56
FileAccessForInclusion - 
/var/www/html/bemlquality/include/utils/CommonUtils.php::checkFileAccessForInclusion::388<br>
/var/www/html/bemlquality/data/CRMEntity.php::checkFileAccessForInclusion::56<br>
/var/www/html/bemlquality/modules/Vtiger/models/Record.php::getInstance::300<br>
/var/www/html/bemlquality/include/Webservices/LineItem/VtigerInventoryOperation.php::getInstanceById::206<br>
/var/www/html/bemlquality/include/Webservices/LineItem/VtigerInventoryOperation.php::getLineItemFinalDetails::200<br>
/var/www/html/bemlquality/include/Webservices/Retrieve.php::retrieve::45<br>
/var/www/html/bemlquality/modules/Mobile/v1/api/ws/FetchRecord.php::vtws_retrieve::33<br>
/var/www/html/bemlquality/modules/Mobile/v1/api/ws/HelpDesk/GetRecordDetail.php::processRetrieve::87<br>
/var/www/html/bemlquality/modules/Mobile/v1/api/ws/FetchRecord.php::processRetrieve::50<br>
/var/www/html/bemlquality/modules/Mobile/v1/api/ws/HelpDesk/GetRecordDetail.php::process::100<br>
/var/www/html/bemlquality/modules/Mobile/v1/api.v1.php::process::153<br>
/var/www/html/bemlquality/modules/Mobile/v1/api.php::process::62<br>
Traced on 2023-03-06 09:04:05
FileAccessForInclusion - 
/var/www/html/bemlquality/include/utils/CommonUtils.php::checkFileAccessForInclusion::388<br>
/var/www/html/bemlquality/data/CRMEntity.php::checkFileAccessForInclusion::56<br>
/var/www/html/bemlquality/modules/Vtiger/models/Record.php::getInstance::300<br>
/var/www/html/bemlquality/include/Webservices/LineItem/VtigerInventoryOperation.php::getInstanceById::206<br>
/var/www/html/bemlquality/include/Webservices/LineItem/VtigerInventoryOperation.php::getLineItemFinalDetails::200<br>
/var/www/html/bemlquality/include/Webservices/Retrieve.php::retrieve::45<br>
/var/www/html/bemlquality/modules/Mobile/v1/api/ws/FetchRecord.php::vtws_retrieve::33<br>
/var/www/html/bemlquality/modules/Mobile/v1/api/ws/HelpDesk/GetRecordDetail.php::processRetrieve::87<br>
/var/www/html/bemlquality/modules/Mobile/v1/api/ws/FetchRecord.php::processRetrieve::50<br>
/var/www/html/bemlquality/modules/Mobile/v1/api/ws/HelpDesk/GetRecordDetail.php::process::100<br>
/var/www/html/bemlquality/modules/Mobile/v1/api.v1.php::process::153<br>
/var/www/html/bemlquality/modules/Mobile/v1/api.php::process::62<br>
Traced on 2023-03-06 09:04:49
FileAccessForInclusion - 
/var/www/html/bemlquality/include/utils/CommonUtils.php::checkFileAccessForInclusion::388<br>
/var/www/html/bemlquality/data/CRMEntity.php::checkFileAccessForInclusion::56<br>
/var/www/html/bemlquality/modules/Vtiger/models/Record.php::getInstance::300<br>
/var/www/html/bemlquality/include/Webservices/LineItem/VtigerInventoryOperation.php::getInstanceById::206<br>
/var/www/html/bemlquality/include/Webservices/LineItem/VtigerInventoryOperation.php::getLineItemFinalDetails::200<br>
/var/www/html/bemlquality/include/Webservices/Retrieve.php::retrieve::45<br>
/var/www/html/bemlquality/modules/Mobile/v1/api/ws/FetchRecord.php::vtws_retrieve::33<br>
/var/www/html/bemlquality/modules/Mobile/v1/api/ws/HelpDesk/GetRecordDetail.php::processRetrieve::87<br>
/var/www/html/bemlquality/modules/Mobile/v1/api/ws/FetchRecord.php::processRetrieve::50<br>
/var/www/html/bemlquality/modules/Mobile/v1/api/ws/HelpDesk/GetRecordDetail.php::process::100<br>
/var/www/html/bemlquality/modules/Mobile/v1/api.v1.php::process::153<br>
/var/www/html/bemlquality/modules/Mobile/v1/api.php::process::62<br>
Traced on 2023-03-12 08:14:21
FileAccessForInclusion - 
/var/www/html/bemlquality/include/utils/CommonUtils.php::checkFileAccessForInclusion::388<br>
/var/www/html/bemlquality/data/CRMEntity.php::checkFileAccessForInclusion::56<br>
/var/www/html/bemlquality/modules/Vtiger/models/Record.php::getInstance::300<br>
/var/www/html/bemlquality/modules/StockTransferOrders/views/Edit.php::getInstanceById::90<br>
/var/www/html/bemlquality/includes/main/WebUI.php::process::219<br>
/var/www/html/bemlquality/index.php::process::11<br>
Traced on 2023-03-12 08:43:23
FileAccessForInclusion - 
/var/www/html/bemlquality/include/utils/CommonUtils.php::checkFileAccessForInclusion::388<br>
/var/www/html/bemlquality/data/CRMEntity.php::checkFileAccessForInclusion::56<br>
/var/www/html/bemlquality/modules/Vtiger/models/Record.php::getInstance::300<br>
/var/www/html/bemlquality/modules/StockTransferOrders/views/Edit.php::getInstanceById::90<br>
/var/www/html/bemlquality/includes/main/WebUI.php::process::219<br>
/var/www/html/bemlquality/index.php::process::11<br>
Traced on 2023-03-13 07:52:49
FileAccessForInclusion - 
/var/www/html/bemlquality/include/utils/CommonUtils.php::checkFileAccessForInclusion::388<br>
/var/www/html/bemlquality/data/CRMEntity.php::checkFileAccessForInclusion::56<br>
/var/www/html/bemlquality/modules/Vtiger/models/Record.php::getInstance::300<br>
/var/www/html/bemlquality/modules/StockTransferOrders/views/Edit.php::getInstanceById::90<br>
/var/www/html/bemlquality/includes/main/WebUI.php::process::219<br>
/var/www/html/bemlquality/index.php::process::11<br>
Traced on 2023-03-13 07:53:31
FileAccessForInclusion - 
/var/www/html/bemlquality/include/utils/CommonUtils.php::checkFileAccessForInclusion::388<br>
/var/www/html/bemlquality/data/CRMEntity.php::checkFileAccessForInclusion::56<br>
/var/www/html/bemlquality/modules/Vtiger/models/Record.php::getInstance::300<br>
/var/www/html/bemlquality/modules/StockTransferOrders/views/Edit.php::getInstanceById::90<br>
/var/www/html/bemlquality/includes/main/WebUI.php::process::219<br>
/var/www/html/bemlquality/index.php::process::11<br>
Traced on 2023-03-13 07:58:28
FileAccessForInclusion - 
/var/www/html/bemlquality/include/utils/CommonUtils.php::checkFileAccessForInclusion::388<br>
/var/www/html/bemlquality/data/CRMEntity.php::checkFileAccessForInclusion::56<br>
/var/www/html/bemlquality/modules/Vtiger/models/Record.php::getInstance::300<br>
/var/www/html/bemlquality/modules/StockTransferOrders/views/Edit.php::getInstanceById::90<br>
/var/www/html/bemlquality/includes/main/WebUI.php::process::219<br>
/var/www/html/bemlquality/index.php::process::11<br>
Traced on 2023-03-13 07:59:09
FileAccessForInclusion - 
/var/www/html/bemlquality/include/utils/CommonUtils.php::checkFileAccessForInclusion::388<br>
/var/www/html/bemlquality/data/CRMEntity.php::checkFileAccessForInclusion::56<br>
/var/www/html/bemlquality/modules/Vtiger/models/Record.php::getInstance::300<br>
/var/www/html/bemlquality/modules/StockTransferOrders/views/Edit.php::getInstanceById::90<br>
/var/www/html/bemlquality/includes/main/WebUI.php::process::219<br>
/var/www/html/bemlquality/index.php::process::11<br>
Traced on 2023-03-14 07:38:10
FileAccessForInclusion - 
/var/www/html/bemlquality/include/utils/CommonUtils.php::checkFileAccessForInclusion::388<br>
/var/www/html/bemlquality/data/CRMEntity.php::checkFileAccessForInclusion::56<br>
/var/www/html/bemlquality/modules/Vtiger/models/Record.php::getInstance::300<br>
/var/www/html/bemlquality/modules/StockTransferOrders/views/Edit.php::getInstanceById::90<br>
/var/www/html/bemlquality/includes/main/WebUI.php::process::219<br>
/var/www/html/bemlquality/index.php::process::11<br>
Traced on 2023-03-14 07:38:13
FileAccessForInclusion - 
/var/www/html/bemlquality/include/utils/CommonUtils.php::checkFileAccessForInclusion::388<br>
/var/www/html/bemlquality/data/CRMEntity.php::checkFileAccessForInclusion::56<br>
/var/www/html/bemlquality/modules/Vtiger/models/Record.php::getInstance::300<br>
/var/www/html/bemlquality/modules/StockTransferOrders/views/Edit.php::getInstanceById::90<br>
/var/www/html/bemlquality/includes/main/WebUI.php::process::219<br>
/var/www/html/bemlquality/index.php::process::11<br>
Traced on 2023-03-14 07:38:20
FileAccessForInclusion - 
/var/www/html/bemlquality/include/utils/CommonUtils.php::checkFileAccessForInclusion::388<br>
/var/www/html/bemlquality/data/CRMEntity.php::checkFileAccessForInclusion::56<br>
/var/www/html/bemlquality/modules/Vtiger/models/Record.php::getInstance::300<br>
/var/www/html/bemlquality/modules/StockTransferOrders/views/Edit.php::getInstanceById::90<br>
/var/www/html/bemlquality/includes/main/WebUI.php::process::219<br>
/var/www/html/bemlquality/index.php::process::11<br>
Traced on 2023-03-23 13:40:48
FileAccessForInclusion - 
/var/www/html/bemlquality/include/utils/CommonUtils.php::checkFileAccessForInclusion::388<br>
/var/www/html/bemlquality/data/CRMEntity.php::checkFileAccessForInclusion::56<br>
/var/www/html/bemlquality/modules/Vtiger/models/Record.php::getInstance::276<br>
/var/www/html/bemlquality/modules/Mobile/v1/api/ws/ServiceReports/GetRecordModelFromTicket.php::getCleanInstance::7<br>
/var/www/html/bemlquality/modules/Mobile/v1/api.v1.php::process::153<br>
/var/www/html/bemlquality/modules/Mobile/v1/api.php::process::62<br>
Traced on 2023-08-10 09:45:01
FileAccessForInclusion - 
/var/www/html/bemlquality/include/utils/CommonUtils.php::checkFileAccessForInclusion::388<br>
/var/www/html/bemlquality/data/CRMEntity.php::checkFileAccessForInclusion::56<br>
/var/www/html/bemlquality/modules/Vtiger/models/Record.php::getInstance::300<br>
/var/www/html/bemlquality/modules/Mobile/v1/api/ws/HelpDesk/GetRecordDetail.php::getInstanceById::446<br>
/var/www/html/bemlquality/modules/Mobile/v1/api/ws/HelpDesk/GetRecordDetail.php::transformRecordWithOutGroupingNonDependent::116<br>
/var/www/html/bemlquality/modules/Mobile/v1/api/ws/HelpDesk/GetRecordDetail.php::processWithGrouping::103<br>
/var/www/html/bemlquality/modules/Mobile/v1/api.v1.php::process::157<br>
/var/www/html/bemlquality/modules/Mobile/v1/api.php::process::62<br>
Traced on 2023-08-10 09:46:38
FileAccessForInclusion - 
/var/www/html/bemlquality/include/utils/CommonUtils.php::checkFileAccessForInclusion::388<br>
/var/www/html/bemlquality/data/CRMEntity.php::checkFileAccessForInclusion::56<br>
/var/www/html/bemlquality/modules/Vtiger/models/Record.php::getInstance::300<br>
/var/www/html/bemlquality/modules/Mobile/v1/api/ws/HelpDesk/GetRecordDetail.php::getInstanceById::446<br>
/var/www/html/bemlquality/modules/Mobile/v1/api/ws/HelpDesk/GetRecordDetail.php::transformRecordWithOutGroupingNonDependent::116<br>
/var/www/html/bemlquality/modules/Mobile/v1/api/ws/HelpDesk/GetRecordDetail.php::processWithGrouping::103<br>
/var/www/html/bemlquality/modules/Mobile/v1/api.v1.php::process::157<br>
/var/www/html/bemlquality/modules/Mobile/v1/api.php::process::62<br>
Traced on 2023-08-10 09:49:28
FileAccessForInclusion - 
/var/www/html/bemlquality/include/utils/CommonUtils.php::checkFileAccessForInclusion::388<br>
/var/www/html/bemlquality/data/CRMEntity.php::checkFileAccessForInclusion::56<br>
/var/www/html/bemlquality/modules/Vtiger/models/Record.php::getInstance::300<br>
/var/www/html/bemlquality/modules/Mobile/v1/api/ws/HelpDesk/GetRecordDetail.php::getInstanceById::446<br>
/var/www/html/bemlquality/modules/Mobile/v1/api/ws/HelpDesk/GetRecordDetail.php::transformRecordWithOutGroupingNonDependent::116<br>
/var/www/html/bemlquality/modules/Mobile/v1/api/ws/HelpDesk/GetRecordDetail.php::processWithGrouping::103<br>
/var/www/html/bemlquality/modules/Mobile/v1/api.v1.php::process::157<br>
/var/www/html/bemlquality/modules/Mobile/v1/api.php::process::62<br>
Traced on 2023-08-10 09:49:51
FileAccessForInclusion - 
/var/www/html/bemlquality/include/utils/CommonUtils.php::checkFileAccessForInclusion::388<br>
/var/www/html/bemlquality/data/CRMEntity.php::checkFileAccessForInclusion::56<br>
/var/www/html/bemlquality/modules/Vtiger/models/Record.php::getInstance::300<br>
/var/www/html/bemlquality/modules/Mobile/v1/api/ws/HelpDesk/GetRecordDetail.php::getInstanceById::446<br>
/var/www/html/bemlquality/modules/Mobile/v1/api/ws/HelpDesk/GetRecordDetail.php::transformRecordWithOutGroupingNonDependent::116<br>
/var/www/html/bemlquality/modules/Mobile/v1/api/ws/HelpDesk/GetRecordDetail.php::processWithGrouping::103<br>
/var/www/html/bemlquality/modules/Mobile/v1/api.v1.php::process::157<br>
/var/www/html/bemlquality/modules/Mobile/v1/api.php::process::62<br>
Traced on 2023-10-18 10:38:04
FileAccessForInclusion - 
/var/www/html/bemlquality/include/utils/CommonUtils.php::checkFileAccessForInclusion::388<br>
/var/www/html/bemlquality/data/CRMEntity.php::checkFileAccessForInclusion::56<br>
/var/www/html/bemlquality/modules/Vtiger/models/Record.php::getInstance::300<br>
/var/www/html/bemlquality/modules/Inventory/actions/GetTaxes.php::getInstanceById::36<br>
/var/www/html/bemlquality/includes/main/WebUI.php::process::219<br>
/var/www/html/bemlquality/index.php::process::11<br>
Traced on 2023-12-05 07:22:15
FileAccessForInclusion - 
/var/www/html/bemlquality/include/utils/CommonUtils.php::checkFileAccessForInclusion::388<br>
/var/www/html/bemlquality/data/CRMEntity.php::checkFileAccessForInclusion::56<br>
/var/www/html/bemlquality/modules/Vtiger/models/Record.php::getInstance::300<br>
/var/www/html/bemlquality/modules/Inventory/actions/GetTaxes.php::getInstanceById::36<br>
/var/www/html/bemlquality/includes/main/WebUI.php::process::219<br>
/var/www/html/bemlquality/index.php::process::11<br>
Traced on 2024-11-29 06:53:22
FileAccessForInclusion - 
/var/www/html/include/utils/CommonUtils.php::checkFileAccessForInclusion::388<br>
/var/www/html/vtlib/Vtiger/AccessControl.php::checkFileAccessForInclusion::25<br>
/var/www/html/vtlib/Vtiger/AccessControl.php::loadUserPrivilegesWithId::44<br>
/var/www/html/modules/Users/Users.php::loadUserPrivileges::646<br>
/var/www/html/modules/Mobile/v1/api/ws/Controller.php::retrieveCurrentUserInfoFromFile::35<br>
/var/www/html/modules/Mobile/v1/api/ws/Controller.php::getActiveUser::44<br>
/var/www/html/modules/Mobile/v1/api.v1.php::hasActiveUser::143<br>
/var/www/html/modules/Mobile/v1/api.php::process::62<br>
Traced on 2024-11-29 06:53:22
FileAccessForInclusion - 
/var/www/html/include/utils/CommonUtils.php::checkFileAccessForInclusion::388<br>
/var/www/html/vtlib/Vtiger/AccessControl.php::checkFileAccessForInclusion::25<br>
/var/www/html/vtlib/Vtiger/AccessControl.php::loadUserPrivilegesWithId::44<br>
/var/www/html/modules/Users/Users.php::loadUserPrivileges::646<br>
/var/www/html/modules/Mobile/v1/api/ws/Controller.php::retrieveCurrentUserInfoFromFile::35<br>
/var/www/html/modules/Mobile/v1/api/ws/Controller.php::getActiveUser::44<br>
/var/www/html/modules/Mobile/v1/api.v1.php::hasActiveUser::143<br>
/var/www/html/modules/Mobile/v1/api.php::process::62<br>
Traced on 2024-11-29 09:48:25
FileAccessForInclusion - 
/var/www/html/include/utils/CommonUtils.php::checkFileAccessForInclusion::388<br>
/var/www/html/data/CRMEntity.php::checkFileAccessForInclusion::56<br>
/var/www/html/include/Webservices/Utils.php::getInstance::214<br>
/var/www/html/include/Webservices/VtigerCRMObjectMeta.php::vtws_getModuleInstance::42<br>
/var/www/html/include/Webservices/VtigerModuleOperation.php::__construct::31<br>
/var/www/html/include/Webservices/VtigerModuleOperation.php::getMetaInstance::19<br>
/var/www/html/include/Webservices/Utils.php::__construct::462<br>
/var/www/html/include/QueryGenerator/QueryGenerator.php::vtws_getModuleHandlerFromName::96<br>
/var/www/html/include/QueryGenerator/QueryGenerator.php::getMeta::72<br>
/var/www/html/include/QueryGenerator/EnhancedQueryGenerator.php::__construct::16<br>
/var/www/html/modules/Vtiger/models/ListView.php::__construct::487<br>
/var/www/html/modules/Vtiger/views/List.php::getInstance::56<br>
/var/www/html/includes/main/WebUI.php::preProcess::77<br>
/var/www/html/includes/main/WebUI.php::triggerPreProcess::218<br>
/var/www/html/index.php::process::11<br>
Traced on 2024-11-29 09:48:44
FileAccessForInclusion - 
/var/www/html/include/utils/CommonUtils.php::checkFileAccessForInclusion::388<br>
/var/www/html/data/CRMEntity.php::checkFileAccessForInclusion::56<br>
/var/www/html/include/Webservices/Utils.php::getInstance::214<br>
/var/www/html/include/Webservices/VtigerCRMObjectMeta.php::vtws_getModuleInstance::42<br>
/var/www/html/include/Webservices/VtigerModuleOperation.php::__construct::31<br>
/var/www/html/include/Webservices/VtigerModuleOperation.php::getMetaInstance::19<br>
/var/www/html/include/Webservices/Utils.php::__construct::462<br>
/var/www/html/include/QueryGenerator/QueryGenerator.php::vtws_getModuleHandlerFromName::96<br>
/var/www/html/include/QueryGenerator/QueryGenerator.php::getMeta::72<br>
/var/www/html/include/QueryGenerator/EnhancedQueryGenerator.php::__construct::16<br>
/var/www/html/modules/Vtiger/models/ListView.php::__construct::487<br>
/var/www/html/modules/Vtiger/views/List.php::getInstance::56<br>
/var/www/html/includes/main/WebUI.php::preProcess::77<br>
/var/www/html/includes/main/WebUI.php::triggerPreProcess::218<br>
/var/www/html/index.php::process::11<br>
Traced on 2024-12-05 10:32:55
FileAccessForInclusion - 
/var/www/html/bemlqualitynew/include/utils/CommonUtils.php::checkFileAccessForInclusion::388<br>
/var/www/html/bemlqualitynew/includes/Loader.php::checkFileAccessForInclusion::65<br>
/var/www/html/bemlqualitynew/includes/Loader.php::includeOnce::191<br>
/var/www/html/bemlqualitynew/includes/main/WebUI.php::vimport::15<br>
/var/www/html/bemlqualitynew/index.php::include_once::8<br>
Traced on 2025-02-04 12:58:48
FileAccessForInclusion - 
/var/www/html/bemlqualitynew/include/utils/CommonUtils.php::checkFileAccessForInclusion::388<br>
/var/www/html/bemlqualitynew/data/CRMEntity.php::checkFileAccessForInclusion::56<br>
/var/www/html/bemlqualitynew/modules/Mobile/v1/api/ws/crm/UploadAttachment.php::getInstance::45<br>
/var/www/html/bemlqualitynew/modules/Mobile/v1/api.v1.php::process::162<br>
/var/www/html/bemlqualitynew/modules/Mobile/v1/api.php::process::62<br>
Traced on 2025-02-04 12:59:47
FileAccessForInclusion - 
/var/www/html/bemlqualitynew/include/utils/CommonUtils.php::checkFileAccessForInclusion::388<br>
/var/www/html/bemlqualitynew/data/CRMEntity.php::checkFileAccessForInclusion::56<br>
/var/www/html/bemlqualitynew/modules/Mobile/v1/api/ws/crm/UploadAttachment.php::getInstance::45<br>
/var/www/html/bemlqualitynew/modules/Mobile/v1/api.v1.php::process::162<br>
/var/www/html/bemlqualitynew/modules/Mobile/v1/api.php::process::62<br>
Traced on 2026-02-27 09:37:23
FileAccessForInclusion - 
C:\wamp64\www\bemlqualitynewui\include\utils\CommonUtils.php::checkFileAccessForInclusion::388<br>
C:\wamp64\www\bemlqualitynewui\includes\Loader.php::checkFileAccessForInclusion::65<br>
C:\wamp64\www\bemlqualitynewui\includes\Loader.php::includeOnce::191<br>
C:\wamp64\www\bemlqualitynewui\includes\main\WebUI.php::vimport::15<br>
C:\wamp64\www\bemlqualitynewui\index.php::include_once::8<br>
Traced on 2026-02-27 09:37:30
FileAccessForInclusion - 
C:\wamp64\www\bemlqualitynewui\include\utils\CommonUtils.php::checkFileAccessForInclusion::388<br>
C:\wamp64\www\bemlqualitynewui\includes\Loader.php::checkFileAccessForInclusion::65<br>
C:\wamp64\www\bemlqualitynewui\includes\Loader.php::includeOnce::191<br>
C:\wamp64\www\bemlqualitynewui\includes\main\WebUI.php::vimport::15<br>
C:\wamp64\www\bemlqualitynewui\index.php::include_once::8<br>
Traced on 2026-02-27 09:37:31
FileAccessForInclusion - 
C:\wamp64\www\bemlqualitynewui\include\utils\CommonUtils.php::checkFileAccessForInclusion::388<br>
C:\wamp64\www\bemlqualitynewui\includes\Loader.php::checkFileAccessForInclusion::65<br>
C:\wamp64\www\bemlqualitynewui\includes\Loader.php::includeOnce::191<br>
C:\wamp64\www\bemlqualitynewui\includes\main\WebUI.php::vimport::15<br>
C:\wamp64\www\bemlqualitynewui\index.php::include_once::8<br>
Traced on 2026-02-27 09:37:31
FileAccessForInclusion - 
C:\wamp64\www\bemlqualitynewui\include\utils\CommonUtils.php::checkFileAccessForInclusion::388<br>
C:\wamp64\www\bemlqualitynewui\includes\Loader.php::checkFileAccessForInclusion::65<br>
C:\wamp64\www\bemlqualitynewui\includes\Loader.php::includeOnce::191<br>
C:\wamp64\www\bemlqualitynewui\includes\main\WebUI.php::vimport::15<br>
C:\wamp64\www\bemlqualitynewui\index.php::include_once::8<br>
Traced on 2026-02-27 09:37:32
FileAccessForInclusion - 
C:\wamp64\www\bemlqualitynewui\include\utils\CommonUtils.php::checkFileAccessForInclusion::388<br>
C:\wamp64\www\bemlqualitynewui\includes\Loader.php::checkFileAccessForInclusion::65<br>
C:\wamp64\www\bemlqualitynewui\includes\Loader.php::includeOnce::191<br>
C:\wamp64\www\bemlqualitynewui\includes\main\WebUI.php::vimport::15<br>
C:\wamp64\www\bemlqualitynewui\index.php::include_once::8<br>
Traced on 2026-02-27 09:37:32
FileAccessForInclusion - 
C:\wamp64\www\bemlqualitynewui\include\utils\CommonUtils.php::checkFileAccessForInclusion::388<br>
C:\wamp64\www\bemlqualitynewui\includes\Loader.php::checkFileAccessForInclusion::65<br>
C:\wamp64\www\bemlqualitynewui\includes\Loader.php::includeOnce::191<br>
C:\wamp64\www\bemlqualitynewui\includes\main\WebUI.php::vimport::15<br>
C:\wamp64\www\bemlqualitynewui\index.php::include_once::8<br>
Traced on 2026-02-27 09:37:33
FileAccessForInclusion - 
C:\wamp64\www\bemlqualitynewui\include\utils\CommonUtils.php::checkFileAccessForInclusion::388<br>
C:\wamp64\www\bemlqualitynewui\includes\Loader.php::checkFileAccessForInclusion::65<br>
C:\wamp64\www\bemlqualitynewui\includes\Loader.php::includeOnce::191<br>
C:\wamp64\www\bemlqualitynewui\includes\main\WebUI.php::vimport::15<br>
C:\wamp64\www\bemlqualitynewui\index.php::include_once::8<br>
Traced on 2026-02-27 09:37:33
FileAccessForInclusion - 
C:\wamp64\www\bemlqualitynewui\include\utils\CommonUtils.php::checkFileAccessForInclusion::388<br>
C:\wamp64\www\bemlqualitynewui\includes\Loader.php::checkFileAccessForInclusion::65<br>
C:\wamp64\www\bemlqualitynewui\includes\Loader.php::includeOnce::191<br>
C:\wamp64\www\bemlqualitynewui\includes\main\WebUI.php::vimport::15<br>
C:\wamp64\www\bemlqualitynewui\index.php::include_once::8<br>
Traced on 2026-02-27 09:37:33
FileAccessForInclusion - 
C:\wamp64\www\bemlqualitynewui\include\utils\CommonUtils.php::checkFileAccessForInclusion::388<br>
C:\wamp64\www\bemlqualitynewui\includes\Loader.php::checkFileAccessForInclusion::65<br>
C:\wamp64\www\bemlqualitynewui\includes\Loader.php::includeOnce::191<br>
C:\wamp64\www\bemlqualitynewui\includes\main\WebUI.php::vimport::15<br>
C:\wamp64\www\bemlqualitynewui\index.php::include_once::8<br>
Traced on 2026-02-27 09:37:33
FileAccessForInclusion - 
C:\wamp64\www\bemlqualitynewui\include\utils\CommonUtils.php::checkFileAccessForInclusion::388<br>
C:\wamp64\www\bemlqualitynewui\includes\Loader.php::checkFileAccessForInclusion::65<br>
C:\wamp64\www\bemlqualitynewui\includes\Loader.php::includeOnce::191<br>
C:\wamp64\www\bemlqualitynewui\includes\main\WebUI.php::vimport::15<br>
C:\wamp64\www\bemlqualitynewui\index.php::include_once::8<br>
Traced on 2026-02-27 09:37:45
FileAccessForInclusion - 
C:\wamp64\www\bemlqualitynewui\include\utils\CommonUtils.php::checkFileAccessForInclusion::388<br>
C:\wamp64\www\bemlqualitynewui\includes\Loader.php::checkFileAccessForInclusion::65<br>
C:\wamp64\www\bemlqualitynewui\includes\Loader.php::includeOnce::191<br>
C:\wamp64\www\bemlqualitynewui\includes\main\WebUI.php::vimport::15<br>
C:\wamp64\www\bemlqualitynewui\index.php::include_once::8<br>
